[debug] [2020-08-18T22:26:15.399Z] ----------------------------------------------------------------------
[debug] [2020-08-18T22:26:15.402Z] Command:       /Users/toli/.nvm/versions/node/v10.22.0/bin/node /Users/toli/.nvm/versions/node/v10.22.0/bin/firebase emulators:start --only functions
[debug] [2020-08-18T22:26:15.402Z] CLI Version:   8.7.0
[debug] [2020-08-18T22:26:15.403Z] Platform:      darwin
[debug] [2020-08-18T22:26:15.403Z] Node Version:  v10.22.0
[debug] [2020-08-18T22:26:15.411Z] Time:          Tue Aug 18 2020 12:26:15 GMT-1000 (Hawaii-Aleutian Standard Time)
[debug] [2020-08-18T22:26:15.411Z] ----------------------------------------------------------------------
[debug] [2020-08-18T22:26:15.411Z] 
[debug] [2020-08-18T22:26:15.431Z] > command requires scopes: ["email","openid","https://www.googleapis.com/auth/cloudplatformprojects.readonly","https://www.googleapis.com/auth/firebase","https://www.googleapis.com/auth/cloud-platform"]
[debug] [2020-08-18T22:26:15.432Z] > authorizing via signed-in user
[info] i  emulators: Starting emulators: functions {"metadata":{"emulator":{"name":"hub"},"message":"Starting emulators: functions"}}
[debug] [2020-08-18T22:26:15.466Z] [hub] writing locator at /var/folders/vp/mclb60jn52d27cy2gqy20hxc0000gn/T/hub-activitybrainstorm.json
[debug] [2020-08-18T22:26:15.497Z] defaultcredentials: writing to file /Users/toli/.config/firebase/toli_nycitt_com_application_default_credentials.json
[debug] [2020-08-18T22:26:15.498Z] Setting GAC to /Users/toli/.config/firebase/toli_nycitt_com_application_default_credentials.json {"metadata":{"emulator":{"name":"functions"},"message":"Setting GAC to /Users/toli/.config/firebase/toli_nycitt_com_application_default_credentials.json"}}
[warn] ⚠  functions: The following emulators are not running, calls to these services from the Functions emulator will affect production: firestore, database, hosting, pubsub {"metadata":{"emulator":{"name":"functions"},"message":"The following emulators are not running, calls to these services from the Functions emulator will affect production: \u001b[1mfirestore, database, hosting, pubsub\u001b[22m"}}
[info] ✔  functions: Using node@10 from host. {"metadata":{"emulator":{"name":"functions"},"message":"Using node@10 from host."}}
[debug] [2020-08-18T22:26:15.514Z] Ignoring unsupported arg: auto_download {"metadata":{"emulator":{"name":"ui"},"message":"Ignoring unsupported arg: auto_download"}}
[debug] [2020-08-18T22:26:15.514Z] Ignoring unsupported arg: port {"metadata":{"emulator":{"name":"ui"},"message":"Ignoring unsupported arg: port"}}
[debug] [2020-08-18T22:26:15.514Z] Starting Emulator UI with command {"binary":"node","args":["/Users/toli/.cache/firebase/emulators/ui-v1.1.1/server.bundle.js"],"optionalArgs":[],"joinArgs":false} {"metadata":{"emulator":{"name":"ui"},"message":"Starting Emulator UI with command {\"binary\":\"node\",\"args\":[\"/Users/toli/.cache/firebase/emulators/ui-v1.1.1/server.bundle.js\"],\"optionalArgs\":[],\"joinArgs\":false}"}}
[info] i  ui: Emulator UI logging to ui-debug.log {"metadata":{"emulator":{"name":"ui"},"message":"Emulator UI logging to \u001b[1mui-debug.log\u001b[22m"}}
[debug] [2020-08-18T22:26:15.681Z] Web / API server started at http://localhost:4000
 {"metadata":{"emulator":{"name":"ui"},"message":"Web / API server started at http://localhost:4000\n"}}
[info] i  functions: Watching "/Users/toli/Sites/activity-brainstorm/functions" for Cloud Functions... {"metadata":{"emulator":{"name":"functions"},"message":"Watching \"/Users/toli/Sites/activity-brainstorm/functions\" for Cloud Functions..."}}
[debug] [2020-08-18T22:26:15.783Z] [worker-pool] addWorker(~diagnostic~) {"metadata":{"emulator":{"name":"functions"},"message":"[worker-pool] addWorker(~diagnostic~)"}}
[debug] [2020-08-18T22:26:15.783Z] [worker-pool] Adding worker with key ~diagnostic~, total=1 {"metadata":{"emulator":{"name":"functions"},"message":"[worker-pool] Adding worker with key ~diagnostic~, total=1"}}
[debug] [2020-08-18T22:26:15.783Z] [worker-pool] submitWork(triggerId=) {"metadata":{"emulator":{"name":"functions"},"message":"[worker-pool] submitWork(triggerId=)"}}
[debug] [2020-08-18T22:26:15.784Z] [worker-~diagnostic~-92274304-942d-4dfe-b92e-bfdfe6e5188e]: Assigning socketPath: /var/folders/vp/mclb60jn52d27cy2gqy20hxc0000gn/T/fire_emu_4946.sock {"metadata":{"emulator":{"name":"functions"},"message":"[worker-~diagnostic~-92274304-942d-4dfe-b92e-bfdfe6e5188e]: Assigning socketPath: /var/folders/vp/mclb60jn52d27cy2gqy20hxc0000gn/T/fire_emu_4946.sock"}}
[debug] [2020-08-18T22:26:15.784Z] [worker-~diagnostic~-92274304-942d-4dfe-b92e-bfdfe6e5188e]: BUSY {"metadata":{"emulator":{"name":"functions"},"message":"[worker-~diagnostic~-92274304-942d-4dfe-b92e-bfdfe6e5188e]: BUSY"}}
[debug] [2020-08-18T22:26:16.084Z] [runtime-status] [4946] Functions runtime initialized. {"cwd":"/Users/toli/Sites/activity-brainstorm/functions","node_version":"10.22.0"} {"metadata":{"emulator":{"name":"functions"},"message":"[runtime-status] [4946] Functions runtime initialized. {\"cwd\":\"/Users/toli/Sites/activity-brainstorm/functions\",\"node_version\":\"10.22.0\"}"}}
[debug] [2020-08-18T22:26:16.085Z] [runtime-status] [4946] Disabled runtime features: undefined {"metadata":{"emulator":{"name":"functions"},"message":"[runtime-status] [4946] Disabled runtime features: undefined"}}
[debug] [2020-08-18T22:26:16.088Z] [runtime-status] [4946] Resolved module firebase-admin {"declared":true,"installed":true,"version":"8.13.0","resolution":"/Users/toli/Sites/activity-brainstorm/functions/node_modules/firebase-admin/lib/index.js"} {"metadata":{"emulator":{"name":"functions"},"message":"[runtime-status] [4946] Resolved module firebase-admin {\"declared\":true,\"installed\":true,\"version\":\"8.13.0\",\"resolution\":\"/Users/toli/Sites/activity-brainstorm/functions/node_modules/firebase-admin/lib/index.js\"}"}}
[debug] [2020-08-18T22:26:16.088Z] [runtime-status] [4946] Resolved module firebase-functions {"declared":true,"installed":true,"version":"3.9.0","resolution":"/Users/toli/Sites/activity-brainstorm/functions/node_modules/firebase-functions/lib/index.js"} {"metadata":{"emulator":{"name":"functions"},"message":"[runtime-status] [4946] Resolved module firebase-functions {\"declared\":true,\"installed\":true,\"version\":\"3.9.0\",\"resolution\":\"/Users/toli/Sites/activity-brainstorm/functions/node_modules/firebase-functions/lib/index.js\"}"}}
[debug] [2020-08-18T22:26:16.089Z] [runtime-status] [4946] Resolved module firebase-functions {"declared":true,"installed":true,"version":"3.9.0","resolution":"/Users/toli/Sites/activity-brainstorm/functions/node_modules/firebase-functions/lib/index.js"} {"metadata":{"emulator":{"name":"functions"},"message":"[runtime-status] [4946] Resolved module firebase-functions {\"declared\":true,\"installed\":true,\"version\":\"3.9.0\",\"resolution\":\"/Users/toli/Sites/activity-brainstorm/functions/node_modules/firebase-functions/lib/index.js\"}"}}
[debug] [2020-08-18T22:26:16.093Z] [runtime-status] [4946] Outgoing network have been stubbed. [{"name":"http","status":"mocked"},{"name":"http","status":"mocked"},{"name":"https","status":"mocked"},{"name":"https","status":"mocked"},{"name":"net","status":"mocked"}] {"metadata":{"emulator":{"name":"functions"},"message":"[runtime-status] [4946] Outgoing network have been stubbed. [{\"name\":\"http\",\"status\":\"mocked\"},{\"name\":\"http\",\"status\":\"mocked\"},{\"name\":\"https\",\"status\":\"mocked\"},{\"name\":\"https\",\"status\":\"mocked\"},{\"name\":\"net\",\"status\":\"mocked\"}]"}}
[debug] [2020-08-18T22:26:16.093Z] [runtime-status] [4946] Resolved module firebase-functions {"declared":true,"installed":true,"version":"3.9.0","resolution":"/Users/toli/Sites/activity-brainstorm/functions/node_modules/firebase-functions/lib/index.js"} {"metadata":{"emulator":{"name":"functions"},"message":"[runtime-status] [4946] Resolved module firebase-functions {\"declared\":true,\"installed\":true,\"version\":\"3.9.0\",\"resolution\":\"/Users/toli/Sites/activity-brainstorm/functions/node_modules/firebase-functions/lib/index.js\"}"}}
[debug] [2020-08-18T22:26:16.154Z] [runtime-status] [4946] Checked functions.config() {"config":{}} {"metadata":{"emulator":{"name":"functions"},"message":"[runtime-status] [4946] Checked functions.config() {\"config\":{}}"}}
[debug] [2020-08-18T22:26:16.154Z] [runtime-status] [4946] firebase-functions has been stubbed. {"functionsResolution":{"declared":true,"installed":true,"version":"3.9.0","resolution":"/Users/toli/Sites/activity-brainstorm/functions/node_modules/firebase-functions/lib/index.js"}} {"metadata":{"emulator":{"name":"functions"},"message":"[runtime-status] [4946] firebase-functions has been stubbed. {\"functionsResolution\":{\"declared\":true,\"installed\":true,\"version\":\"3.9.0\",\"resolution\":\"/Users/toli/Sites/activity-brainstorm/functions/node_modules/firebase-functions/lib/index.js\"}}"}}
[debug] [2020-08-18T22:26:16.155Z] [runtime-status] [4946] Resolved module firebase-functions {"declared":true,"installed":true,"version":"3.9.0","resolution":"/Users/toli/Sites/activity-brainstorm/functions/node_modules/firebase-functions/lib/index.js"} {"metadata":{"emulator":{"name":"functions"},"message":"[runtime-status] [4946] Resolved module firebase-functions {\"declared\":true,\"installed\":true,\"version\":\"3.9.0\",\"resolution\":\"/Users/toli/Sites/activity-brainstorm/functions/node_modules/firebase-functions/lib/index.js\"}"}}
[debug] [2020-08-18T22:26:16.155Z] [runtime-status] [4946] Resolved module firebase-admin {"declared":true,"installed":true,"version":"8.13.0","resolution":"/Users/toli/Sites/activity-brainstorm/functions/node_modules/firebase-admin/lib/index.js"} {"metadata":{"emulator":{"name":"functions"},"message":"[runtime-status] [4946] Resolved module firebase-admin {\"declared\":true,\"installed\":true,\"version\":\"8.13.0\",\"resolution\":\"/Users/toli/Sites/activity-brainstorm/functions/node_modules/firebase-admin/lib/index.js\"}"}}
[debug] [2020-08-18T22:26:16.155Z] [runtime-status] [4946] Resolved module firebase-functions {"declared":true,"installed":true,"version":"3.9.0","resolution":"/Users/toli/Sites/activity-brainstorm/functions/node_modules/firebase-functions/lib/index.js"} {"metadata":{"emulator":{"name":"functions"},"message":"[runtime-status] [4946] Resolved module firebase-functions {\"declared\":true,\"installed\":true,\"version\":\"3.9.0\",\"resolution\":\"/Users/toli/Sites/activity-brainstorm/functions/node_modules/firebase-functions/lib/index.js\"}"}}
[debug] [2020-08-18T22:26:16.156Z] [runtime-status] [4946] firebase-admin has been stubbed. {"adminResolution":{"declared":true,"installed":true,"version":"8.13.0","resolution":"/Users/toli/Sites/activity-brainstorm/functions/node_modules/firebase-admin/lib/index.js"}} {"metadata":{"emulator":{"name":"functions"},"message":"[runtime-status] [4946] firebase-admin has been stubbed. {\"adminResolution\":{\"declared\":true,\"installed\":true,\"version\":\"8.13.0\",\"resolution\":\"/Users/toli/Sites/activity-brainstorm/functions/node_modules/firebase-admin/lib/index.js\"}}"}}
[debug] [2020-08-18T22:26:16.171Z] [runtime-status] [4946] initializeApp(DEFAULT) {"apiKey":"AIzaSyDn5aOkNmVjWs6qtPBisJItDFSX4BkEEjk","authDomain":"activitybrainstorm.firebaseapp.com","databaseURL":"https://activitybrainstorm.firebaseio.com","projectId":"activitybrainstorm","storageBucket":"activitybrainstorm.appspot.com","messagingSenderId":"849978065136","appId":"1:849978065136:web:e61994a5f44624054c0235","measurementId":"G-TDD9GVQX53"} {"metadata":{"emulator":{"name":"functions"},"message":"[runtime-status] [4946] initializeApp(DEFAULT) {\"apiKey\":\"AIzaSyDn5aOkNmVjWs6qtPBisJItDFSX4BkEEjk\",\"authDomain\":\"activitybrainstorm.firebaseapp.com\",\"databaseURL\":\"https://activitybrainstorm.firebaseio.com\",\"projectId\":\"activitybrainstorm\",\"storageBucket\":\"activitybrainstorm.appspot.com\",\"messagingSenderId\":\"849978065136\",\"appId\":\"1:849978065136:web:e61994a5f44624054c0235\",\"measurementId\":\"G-TDD9GVQX53\"}"}}
[info] ✔  functions[saveImage]: http function initialized (http://localhost:5001/activitybrainstorm/us-central1/saveImage). {"metadata":{"emulator":{"name":"functions"},"message":"\u001b[1mhttp\u001b[22m function initialized (http://localhost:5001/activitybrainstorm/us-central1/saveImage)."}}
[info] ✔  functions[imageSearch]: http function initialized (http://localhost:5001/activitybrainstorm/us-central1/imageSearch). {"metadata":{"emulator":{"name":"functions"},"message":"\u001b[1mhttp\u001b[22m function initialized (http://localhost:5001/activitybrainstorm/us-central1/imageSearch)."}}
[info] ✔  functions[generateThumbs]: http function initialized (http://localhost:5001/activitybrainstorm/us-central1/generateThumbs). {"metadata":{"emulator":{"name":"functions"},"message":"\u001b[1mhttp\u001b[22m function initialized (http://localhost:5001/activitybrainstorm/us-central1/generateThumbs)."}}
[info] ✔  functions[cleanActivities]: http function initialized (http://localhost:5001/activitybrainstorm/us-central1/cleanActivities). {"metadata":{"emulator":{"name":"functions"},"message":"\u001b[1mhttp\u001b[22m function initialized (http://localhost:5001/activitybrainstorm/us-central1/cleanActivities)."}}
[info] 
┌───────────────────────────────────────────────────────────────────────┐
│ ✔  All emulators ready! View status and logs at http://localhost:4000 │
└───────────────────────────────────────────────────────────────────────┘

┌───────────┬────────────────┬─────────────────────────────────┐
│ Emulator  │ Host:Port      │ View in Emulator UI             │
├───────────┼────────────────┼─────────────────────────────────┤
│ Functions │ localhost:5001 │ http://localhost:4000/functions │
└───────────┴────────────────┴─────────────────────────────────┘
  Other reserved ports: 4400, 4500

Issues? Report them at https://github.com/firebase/firebase-tools/issues and attach the *-debug.log files.
 
[debug] [2020-08-18T22:26:16.522Z] [worker-~diagnostic~-92274304-942d-4dfe-b92e-bfdfe6e5188e]: IDLE {"metadata":{"emulator":{"name":"functions"},"message":"[worker-~diagnostic~-92274304-942d-4dfe-b92e-bfdfe6e5188e]: IDLE"}}
[debug] [2020-08-18T22:31:38.532Z] [work-queue] {"queueLength":1,"workRunningCount":0}
[debug] [2020-08-18T22:31:38.533Z] [work-queue] {"queueLength":0,"workRunningCount":1}
[debug] [2020-08-18T22:31:38.533Z] Accepted request GET /activitybrainstorm/us-central1/imageSearch?search=undefined --> imageSearch
[debug] [2020-08-18T22:31:38.537Z] [worker-pool] addWorker(imageSearch) {"metadata":{"emulator":{"name":"functions"},"message":"[worker-pool] addWorker(imageSearch)"}}
[debug] [2020-08-18T22:31:38.538Z] [worker-pool] Adding worker with key imageSearch, total=1 {"metadata":{"emulator":{"name":"functions"},"message":"[worker-pool] Adding worker with key imageSearch, total=1"}}
[debug] [2020-08-18T22:31:38.538Z] [worker-pool] submitWork(triggerId=imageSearch) {"metadata":{"emulator":{"name":"functions"},"message":"[worker-pool] submitWork(triggerId=imageSearch)"}}
[debug] [2020-08-18T22:31:38.538Z] [worker-imageSearch-b77bda4e-04f8-45fd-9d1f-9977f9ddf2b5]: Assigning socketPath: /var/folders/vp/mclb60jn52d27cy2gqy20hxc0000gn/T/fire_emu_5035.sock {"metadata":{"emulator":{"name":"functions"},"message":"[worker-imageSearch-b77bda4e-04f8-45fd-9d1f-9977f9ddf2b5]: Assigning socketPath: /var/folders/vp/mclb60jn52d27cy2gqy20hxc0000gn/T/fire_emu_5035.sock"}}
[debug] [2020-08-18T22:31:38.538Z] [worker-imageSearch-b77bda4e-04f8-45fd-9d1f-9977f9ddf2b5]: BUSY {"metadata":{"emulator":{"name":"functions"},"message":"[worker-imageSearch-b77bda4e-04f8-45fd-9d1f-9977f9ddf2b5]: BUSY"}}
[debug] [2020-08-18T22:31:39.088Z] [runtime-status] [5035] Functions runtime initialized. {"cwd":"/Users/toli/Sites/activity-brainstorm/functions","node_version":"10.22.0"} {"metadata":{"emulator":{"name":"functions"},"function":{"name":"imageSearch"},"message":"[runtime-status] [5035] Functions runtime initialized. {\"cwd\":\"/Users/toli/Sites/activity-brainstorm/functions\",\"node_version\":\"10.22.0\"}"}}
[debug] [2020-08-18T22:31:39.090Z] [runtime-status] [5035] Disabled runtime features: undefined {"metadata":{"emulator":{"name":"functions"},"function":{"name":"imageSearch"},"message":"[runtime-status] [5035] Disabled runtime features: undefined"}}
[debug] [2020-08-18T22:31:39.093Z] [runtime-status] [5035] Resolved module firebase-admin {"declared":true,"installed":true,"version":"8.13.0","resolution":"/Users/toli/Sites/activity-brainstorm/functions/node_modules/firebase-admin/lib/index.js"} {"metadata":{"emulator":{"name":"functions"},"function":{"name":"imageSearch"},"message":"[runtime-status] [5035] Resolved module firebase-admin {\"declared\":true,\"installed\":true,\"version\":\"8.13.0\",\"resolution\":\"/Users/toli/Sites/activity-brainstorm/functions/node_modules/firebase-admin/lib/index.js\"}"}}
[debug] [2020-08-18T22:31:39.094Z] [runtime-status] [5035] Resolved module firebase-functions {"declared":true,"installed":true,"version":"3.9.0","resolution":"/Users/toli/Sites/activity-brainstorm/functions/node_modules/firebase-functions/lib/index.js"} {"metadata":{"emulator":{"name":"functions"},"function":{"name":"imageSearch"},"message":"[runtime-status] [5035] Resolved module firebase-functions {\"declared\":true,\"installed\":true,\"version\":\"3.9.0\",\"resolution\":\"/Users/toli/Sites/activity-brainstorm/functions/node_modules/firebase-functions/lib/index.js\"}"}}
[debug] [2020-08-18T22:31:39.095Z] [runtime-status] [5035] Resolved module firebase-functions {"declared":true,"installed":true,"version":"3.9.0","resolution":"/Users/toli/Sites/activity-brainstorm/functions/node_modules/firebase-functions/lib/index.js"} {"metadata":{"emulator":{"name":"functions"},"function":{"name":"imageSearch"},"message":"[runtime-status] [5035] Resolved module firebase-functions {\"declared\":true,\"installed\":true,\"version\":\"3.9.0\",\"resolution\":\"/Users/toli/Sites/activity-brainstorm/functions/node_modules/firebase-functions/lib/index.js\"}"}}
[debug] [2020-08-18T22:31:39.098Z] [runtime-status] [5035] Outgoing network have been stubbed. [{"name":"http","status":"mocked"},{"name":"http","status":"mocked"},{"name":"https","status":"mocked"},{"name":"https","status":"mocked"},{"name":"net","status":"mocked"}] {"metadata":{"emulator":{"name":"functions"},"function":{"name":"imageSearch"},"message":"[runtime-status] [5035] Outgoing network have been stubbed. [{\"name\":\"http\",\"status\":\"mocked\"},{\"name\":\"http\",\"status\":\"mocked\"},{\"name\":\"https\",\"status\":\"mocked\"},{\"name\":\"https\",\"status\":\"mocked\"},{\"name\":\"net\",\"status\":\"mocked\"}]"}}
[debug] [2020-08-18T22:31:39.098Z] [runtime-status] [5035] Resolved module firebase-functions {"declared":true,"installed":true,"version":"3.9.0","resolution":"/Users/toli/Sites/activity-brainstorm/functions/node_modules/firebase-functions/lib/index.js"} {"metadata":{"emulator":{"name":"functions"},"function":{"name":"imageSearch"},"message":"[runtime-status] [5035] Resolved module firebase-functions {\"declared\":true,\"installed\":true,\"version\":\"3.9.0\",\"resolution\":\"/Users/toli/Sites/activity-brainstorm/functions/node_modules/firebase-functions/lib/index.js\"}"}}
[debug] [2020-08-18T22:31:39.150Z] [runtime-status] [5035] Checked functions.config() {"config":{}} {"metadata":{"emulator":{"name":"functions"},"function":{"name":"imageSearch"},"message":"[runtime-status] [5035] Checked functions.config() {\"config\":{}}"}}
[debug] [2020-08-18T22:31:39.151Z] [runtime-status] [5035] firebase-functions has been stubbed. {"functionsResolution":{"declared":true,"installed":true,"version":"3.9.0","resolution":"/Users/toli/Sites/activity-brainstorm/functions/node_modules/firebase-functions/lib/index.js"}} {"metadata":{"emulator":{"name":"functions"},"function":{"name":"imageSearch"},"message":"[runtime-status] [5035] firebase-functions has been stubbed. {\"functionsResolution\":{\"declared\":true,\"installed\":true,\"version\":\"3.9.0\",\"resolution\":\"/Users/toli/Sites/activity-brainstorm/functions/node_modules/firebase-functions/lib/index.js\"}}"}}
[debug] [2020-08-18T22:31:39.151Z] [runtime-status] [5035] Resolved module firebase-functions {"declared":true,"installed":true,"version":"3.9.0","resolution":"/Users/toli/Sites/activity-brainstorm/functions/node_modules/firebase-functions/lib/index.js"} {"metadata":{"emulator":{"name":"functions"},"function":{"name":"imageSearch"},"message":"[runtime-status] [5035] Resolved module firebase-functions {\"declared\":true,\"installed\":true,\"version\":\"3.9.0\",\"resolution\":\"/Users/toli/Sites/activity-brainstorm/functions/node_modules/firebase-functions/lib/index.js\"}"}}
[debug] [2020-08-18T22:31:39.152Z] [runtime-status] [5035] Resolved module firebase-admin {"declared":true,"installed":true,"version":"8.13.0","resolution":"/Users/toli/Sites/activity-brainstorm/functions/node_modules/firebase-admin/lib/index.js"} {"metadata":{"emulator":{"name":"functions"},"function":{"name":"imageSearch"},"message":"[runtime-status] [5035] Resolved module firebase-admin {\"declared\":true,\"installed\":true,\"version\":\"8.13.0\",\"resolution\":\"/Users/toli/Sites/activity-brainstorm/functions/node_modules/firebase-admin/lib/index.js\"}"}}
[debug] [2020-08-18T22:31:39.152Z] [runtime-status] [5035] Resolved module firebase-functions {"declared":true,"installed":true,"version":"3.9.0","resolution":"/Users/toli/Sites/activity-brainstorm/functions/node_modules/firebase-functions/lib/index.js"} {"metadata":{"emulator":{"name":"functions"},"function":{"name":"imageSearch"},"message":"[runtime-status] [5035] Resolved module firebase-functions {\"declared\":true,\"installed\":true,\"version\":\"3.9.0\",\"resolution\":\"/Users/toli/Sites/activity-brainstorm/functions/node_modules/firebase-functions/lib/index.js\"}"}}
[debug] [2020-08-18T22:31:39.152Z] [runtime-status] [5035] firebase-admin has been stubbed. {"adminResolution":{"declared":true,"installed":true,"version":"8.13.0","resolution":"/Users/toli/Sites/activity-brainstorm/functions/node_modules/firebase-admin/lib/index.js"}} {"metadata":{"emulator":{"name":"functions"},"function":{"name":"imageSearch"},"message":"[runtime-status] [5035] firebase-admin has been stubbed. {\"adminResolution\":{\"declared\":true,\"installed\":true,\"version\":\"8.13.0\",\"resolution\":\"/Users/toli/Sites/activity-brainstorm/functions/node_modules/firebase-admin/lib/index.js\"}}"}}
[debug] [2020-08-18T22:31:39.168Z] [runtime-status] [5035] initializeApp(DEFAULT) {"apiKey":"AIzaSyDn5aOkNmVjWs6qtPBisJItDFSX4BkEEjk","authDomain":"activitybrainstorm.firebaseapp.com","databaseURL":"https://activitybrainstorm.firebaseio.com","projectId":"activitybrainstorm","storageBucket":"activitybrainstorm.appspot.com","messagingSenderId":"849978065136","appId":"1:849978065136:web:e61994a5f44624054c0235","measurementId":"G-TDD9GVQX53"} {"metadata":{"emulator":{"name":"functions"},"function":{"name":"imageSearch"},"message":"[runtime-status] [5035] initializeApp(DEFAULT) {\"apiKey\":\"AIzaSyDn5aOkNmVjWs6qtPBisJItDFSX4BkEEjk\",\"authDomain\":\"activitybrainstorm.firebaseapp.com\",\"databaseURL\":\"https://activitybrainstorm.firebaseio.com\",\"projectId\":\"activitybrainstorm\",\"storageBucket\":\"activitybrainstorm.appspot.com\",\"messagingSenderId\":\"849978065136\",\"appId\":\"1:849978065136:web:e61994a5f44624054c0235\",\"measurementId\":\"G-TDD9GVQX53\"}"}}
[debug] [2020-08-18T22:31:39.435Z] [runtime-status] [5035] Trigger "imageSearch" has been found, beginning invocation! {"metadata":{"emulator":{"name":"functions"},"function":{"name":"imageSearch"},"message":"[runtime-status] [5035] Trigger \"imageSearch\" has been found, beginning invocation!"}}
[info] i  functions: Beginning execution of "imageSearch" {"metadata":{"emulator":{"name":"functions"},"function":{"name":"imageSearch"},"message":"Beginning execution of \"imageSearch\""}}
[debug] [2020-08-18T22:31:39.435Z] [runtime-status] [5035] triggerDefinition {"httpsTrigger":{},"name":"imageSearch","entryPoint":"imageSearch"} {"metadata":{"emulator":{"name":"functions"},"function":{"name":"imageSearch"},"message":"[runtime-status] [5035] triggerDefinition {\"httpsTrigger\":{},\"name\":\"imageSearch\",\"entryPoint\":\"imageSearch\"}"}}
[debug] [2020-08-18T22:31:39.435Z] [runtime-status] [5035] Running imageSearch in mode HTTPS {"metadata":{"emulator":{"name":"functions"},"function":{"name":"imageSearch"},"message":"[runtime-status] [5035] Running imageSearch in mode HTTPS"}}
[debug] [2020-08-18T22:31:39.439Z] [runtime-status] [5035] Attempting to listen to socketPath: /var/folders/vp/mclb60jn52d27cy2gqy20hxc0000gn/T/fire_emu_5035.sock {"metadata":{"emulator":{"name":"functions"},"function":{"name":"imageSearch"},"message":"[runtime-status] [5035] Attempting to listen to socketPath: /var/folders/vp/mclb60jn52d27cy2gqy20hxc0000gn/T/fire_emu_5035.sock"}}
[debug] [2020-08-18T22:31:39.443Z] [functions] Runtime ready! Sending request! {"metadata":{"emulator":{"name":"functions"},"message":"[functions] Runtime ready! Sending request!"}}
[debug] [2020-08-18T22:31:39.451Z] [runtime-status] [5035] Ephemeral server handling GET request {"metadata":{"emulator":{"name":"functions"},"function":{"name":"imageSearch"},"message":"[runtime-status] [5035] Ephemeral server handling GET request"}}
[debug] [2020-08-18T22:31:39.493Z] [runtime-status] [5035] Ephemeral server survived. {"metadata":{"emulator":{"name":"functions"},"function":{"name":"imageSearch"},"message":"[runtime-status] [5035] Ephemeral server survived."}}
[warn] ⚠  External network resource requested!
   - URL: "https://api.cognitive.microsoft.com/bing/v7.0/images/search?q=undefined"
 - Be careful, this may be a production service. {"metadata":{"emulator":{"name":"functions"},"function":{"name":"imageSearch"},"message":"External network resource requested!\n   - URL: \"https://api.cognitive.microsoft.com/bing/v7.0/images/search?q=undefined\"\n - Be careful, this may be a production service."}}
[info] i  functions: Finished "imageSearch" in ~1s {"metadata":{"emulator":{"name":"functions"},"function":{"name":"imageSearch"},"message":"Finished \"imageSearch\" in ~1s"}}
[debug] [2020-08-18T22:31:40.606Z] [worker-imageSearch-b77bda4e-04f8-45fd-9d1f-9977f9ddf2b5]: IDLE {"metadata":{"emulator":{"name":"functions"},"message":"[worker-imageSearch-b77bda4e-04f8-45fd-9d1f-9977f9ddf2b5]: IDLE"}}
[debug] [2020-08-18T22:31:40.607Z] [work-queue] {"queueLength":0,"workRunningCount":0}
[debug] [2020-08-18T22:43:01.853Z] [work-queue] {"queueLength":1,"workRunningCount":0}
[debug] [2020-08-18T22:43:01.853Z] [work-queue] {"queueLength":0,"workRunningCount":1}
[debug] [2020-08-18T22:43:01.853Z] Accepted request GET /activitybrainstorm/us-central1/imageSearch?search=Grand%20Canyon --> imageSearch
[debug] [2020-08-18T22:43:01.853Z] [worker-pool] submitWork(triggerId=imageSearch) {"metadata":{"emulator":{"name":"functions"},"message":"[worker-pool] submitWork(triggerId=imageSearch)"}}
[debug] [2020-08-18T22:43:01.853Z] [worker-imageSearch-b77bda4e-04f8-45fd-9d1f-9977f9ddf2b5]: Assigning socketPath: /var/folders/vp/mclb60jn52d27cy2gqy20hxc0000gn/T/fire_emu_5035.sock {"metadata":{"emulator":{"name":"functions"},"message":"[worker-imageSearch-b77bda4e-04f8-45fd-9d1f-9977f9ddf2b5]: Assigning socketPath: /var/folders/vp/mclb60jn52d27cy2gqy20hxc0000gn/T/fire_emu_5035.sock"}}
[debug] [2020-08-18T22:43:01.854Z] [worker-imageSearch-b77bda4e-04f8-45fd-9d1f-9977f9ddf2b5]: BUSY {"metadata":{"emulator":{"name":"functions"},"message":"[worker-imageSearch-b77bda4e-04f8-45fd-9d1f-9977f9ddf2b5]: BUSY"}}
[debug] [2020-08-18T22:43:01.854Z] [runtime-status] [5035] Trigger "imageSearch" has been found, beginning invocation! {"metadata":{"emulator":{"name":"functions"},"function":{"name":"imageSearch"},"message":"[runtime-status] [5035] Trigger \"imageSearch\" has been found, beginning invocation!"}}
[info] i  functions: Beginning execution of "imageSearch" {"metadata":{"emulator":{"name":"functions"},"function":{"name":"imageSearch"},"message":"Beginning execution of \"imageSearch\""}}
[debug] [2020-08-18T22:43:01.855Z] [runtime-status] [5035] triggerDefinition {"httpsTrigger":{},"name":"imageSearch","entryPoint":"imageSearch"} {"metadata":{"emulator":{"name":"functions"},"function":{"name":"imageSearch"},"message":"[runtime-status] [5035] triggerDefinition {\"httpsTrigger\":{},\"name\":\"imageSearch\",\"entryPoint\":\"imageSearch\"}"}}
[debug] [2020-08-18T22:43:01.855Z] [runtime-status] [5035] Running imageSearch in mode HTTPS {"metadata":{"emulator":{"name":"functions"},"function":{"name":"imageSearch"},"message":"[runtime-status] [5035] Running imageSearch in mode HTTPS"}}
[debug] [2020-08-18T22:43:01.855Z] [runtime-status] [5035] Attempting to listen to socketPath: /var/folders/vp/mclb60jn52d27cy2gqy20hxc0000gn/T/fire_emu_5035.sock {"metadata":{"emulator":{"name":"functions"},"function":{"name":"imageSearch"},"message":"[runtime-status] [5035] Attempting to listen to socketPath: /var/folders/vp/mclb60jn52d27cy2gqy20hxc0000gn/T/fire_emu_5035.sock"}}
[debug] [2020-08-18T22:43:01.857Z] [functions] Runtime ready! Sending request! {"metadata":{"emulator":{"name":"functions"},"message":"[functions] Runtime ready! Sending request!"}}
[debug] [2020-08-18T22:43:01.862Z] [runtime-status] [5035] Ephemeral server handling GET request {"metadata":{"emulator":{"name":"functions"},"function":{"name":"imageSearch"},"message":"[runtime-status] [5035] Ephemeral server handling GET request"}}
[debug] [2020-08-18T22:43:01.869Z] [runtime-status] [5035] Ephemeral server survived. {"metadata":{"emulator":{"name":"functions"},"function":{"name":"imageSearch"},"message":"[runtime-status] [5035] Ephemeral server survived."}}
[warn] ⚠  External network resource requested!
   - URL: "https://api.cognitive.microsoft.com/bing/v7.0/images/search?q=Grand%20Canyon"
 - Be careful, this may be a production service. {"metadata":{"emulator":{"name":"functions"},"function":{"name":"imageSearch"},"message":"External network resource requested!\n   - URL: \"https://api.cognitive.microsoft.com/bing/v7.0/images/search?q=Grand%20Canyon\"\n - Be careful, this may be a production service."}}
[info] i  functions: Finished "imageSearch" in ~1s {"metadata":{"emulator":{"name":"functions"},"function":{"name":"imageSearch"},"message":"Finished \"imageSearch\" in ~1s"}}
[debug] [2020-08-18T22:43:03.412Z] [worker-imageSearch-b77bda4e-04f8-45fd-9d1f-9977f9ddf2b5]: IDLE {"metadata":{"emulator":{"name":"functions"},"message":"[worker-imageSearch-b77bda4e-04f8-45fd-9d1f-9977f9ddf2b5]: IDLE"}}
[debug] [2020-08-18T22:43:03.413Z] [work-queue] {"queueLength":0,"workRunningCount":0}
[debug] [2020-08-18T22:43:04.549Z] [work-queue] {"queueLength":1,"workRunningCount":0}
[debug] [2020-08-18T22:43:04.550Z] [work-queue] {"queueLength":0,"workRunningCount":1}
[debug] [2020-08-18T22:43:04.550Z] Accepted request OPTIONS /activitybrainstorm/us-central1/saveImage --> saveImage
[debug] [2020-08-18T22:43:04.553Z] [worker-pool] addWorker(saveImage) {"metadata":{"emulator":{"name":"functions"},"message":"[worker-pool] addWorker(saveImage)"}}
[debug] [2020-08-18T22:43:04.553Z] [worker-pool] Adding worker with key saveImage, total=1 {"metadata":{"emulator":{"name":"functions"},"message":"[worker-pool] Adding worker with key saveImage, total=1"}}
[debug] [2020-08-18T22:43:04.553Z] [worker-pool] submitWork(triggerId=saveImage) {"metadata":{"emulator":{"name":"functions"},"message":"[worker-pool] submitWork(triggerId=saveImage)"}}
[debug] [2020-08-18T22:43:04.553Z] [worker-saveImage-3684dcfa-5d4f-4295-a757-e30d63e3915e]: Assigning socketPath: /var/folders/vp/mclb60jn52d27cy2gqy20hxc0000gn/T/fire_emu_5229.sock {"metadata":{"emulator":{"name":"functions"},"message":"[worker-saveImage-3684dcfa-5d4f-4295-a757-e30d63e3915e]: Assigning socketPath: /var/folders/vp/mclb60jn52d27cy2gqy20hxc0000gn/T/fire_emu_5229.sock"}}
[debug] [2020-08-18T22:43:04.553Z] [worker-saveImage-3684dcfa-5d4f-4295-a757-e30d63e3915e]: BUSY {"metadata":{"emulator":{"name":"functions"},"message":"[worker-saveImage-3684dcfa-5d4f-4295-a757-e30d63e3915e]: BUSY"}}
[debug] [2020-08-18T22:43:05.137Z] [runtime-status] [5229] Functions runtime initialized. {"cwd":"/Users/toli/Sites/activity-brainstorm/functions","node_version":"10.22.0"} {"metadata":{"emulator":{"name":"functions"},"function":{"name":"saveImage"},"message":"[runtime-status] [5229] Functions runtime initialized. {\"cwd\":\"/Users/toli/Sites/activity-brainstorm/functions\",\"node_version\":\"10.22.0\"}"}}
[debug] [2020-08-18T22:43:05.139Z] [runtime-status] [5229] Disabled runtime features: undefined {"metadata":{"emulator":{"name":"functions"},"function":{"name":"saveImage"},"message":"[runtime-status] [5229] Disabled runtime features: undefined"}}
[debug] [2020-08-18T22:43:05.143Z] [runtime-status] [5229] Resolved module firebase-admin {"declared":true,"installed":true,"version":"8.13.0","resolution":"/Users/toli/Sites/activity-brainstorm/functions/node_modules/firebase-admin/lib/index.js"} {"metadata":{"emulator":{"name":"functions"},"function":{"name":"saveImage"},"message":"[runtime-status] [5229] Resolved module firebase-admin {\"declared\":true,\"installed\":true,\"version\":\"8.13.0\",\"resolution\":\"/Users/toli/Sites/activity-brainstorm/functions/node_modules/firebase-admin/lib/index.js\"}"}}
[debug] [2020-08-18T22:43:05.144Z] [runtime-status] [5229] Resolved module firebase-functions {"declared":true,"installed":true,"version":"3.9.0","resolution":"/Users/toli/Sites/activity-brainstorm/functions/node_modules/firebase-functions/lib/index.js"} {"metadata":{"emulator":{"name":"functions"},"function":{"name":"saveImage"},"message":"[runtime-status] [5229] Resolved module firebase-functions {\"declared\":true,\"installed\":true,\"version\":\"3.9.0\",\"resolution\":\"/Users/toli/Sites/activity-brainstorm/functions/node_modules/firebase-functions/lib/index.js\"}"}}
[debug] [2020-08-18T22:43:05.145Z] [runtime-status] [5229] Resolved module firebase-functions {"declared":true,"installed":true,"version":"3.9.0","resolution":"/Users/toli/Sites/activity-brainstorm/functions/node_modules/firebase-functions/lib/index.js"} {"metadata":{"emulator":{"name":"functions"},"function":{"name":"saveImage"},"message":"[runtime-status] [5229] Resolved module firebase-functions {\"declared\":true,\"installed\":true,\"version\":\"3.9.0\",\"resolution\":\"/Users/toli/Sites/activity-brainstorm/functions/node_modules/firebase-functions/lib/index.js\"}"}}
[debug] [2020-08-18T22:43:05.149Z] [runtime-status] [5229] Outgoing network have been stubbed. [{"name":"http","status":"mocked"},{"name":"http","status":"mocked"},{"name":"https","status":"mocked"},{"name":"https","status":"mocked"},{"name":"net","status":"mocked"}] {"metadata":{"emulator":{"name":"functions"},"function":{"name":"saveImage"},"message":"[runtime-status] [5229] Outgoing network have been stubbed. [{\"name\":\"http\",\"status\":\"mocked\"},{\"name\":\"http\",\"status\":\"mocked\"},{\"name\":\"https\",\"status\":\"mocked\"},{\"name\":\"https\",\"status\":\"mocked\"},{\"name\":\"net\",\"status\":\"mocked\"}]"}}
[debug] [2020-08-18T22:43:05.149Z] [runtime-status] [5229] Resolved module firebase-functions {"declared":true,"installed":true,"version":"3.9.0","resolution":"/Users/toli/Sites/activity-brainstorm/functions/node_modules/firebase-functions/lib/index.js"} {"metadata":{"emulator":{"name":"functions"},"function":{"name":"saveImage"},"message":"[runtime-status] [5229] Resolved module firebase-functions {\"declared\":true,\"installed\":true,\"version\":\"3.9.0\",\"resolution\":\"/Users/toli/Sites/activity-brainstorm/functions/node_modules/firebase-functions/lib/index.js\"}"}}
[debug] [2020-08-18T22:43:05.205Z] [runtime-status] [5229] Checked functions.config() {"config":{}} {"metadata":{"emulator":{"name":"functions"},"function":{"name":"saveImage"},"message":"[runtime-status] [5229] Checked functions.config() {\"config\":{}}"}}
[debug] [2020-08-18T22:43:05.205Z] [runtime-status] [5229] firebase-functions has been stubbed. {"functionsResolution":{"declared":true,"installed":true,"version":"3.9.0","resolution":"/Users/toli/Sites/activity-brainstorm/functions/node_modules/firebase-functions/lib/index.js"}} {"metadata":{"emulator":{"name":"functions"},"function":{"name":"saveImage"},"message":"[runtime-status] [5229] firebase-functions has been stubbed. {\"functionsResolution\":{\"declared\":true,\"installed\":true,\"version\":\"3.9.0\",\"resolution\":\"/Users/toli/Sites/activity-brainstorm/functions/node_modules/firebase-functions/lib/index.js\"}}"}}
[debug] [2020-08-18T22:43:05.206Z] [runtime-status] [5229] Resolved module firebase-functions {"declared":true,"installed":true,"version":"3.9.0","resolution":"/Users/toli/Sites/activity-brainstorm/functions/node_modules/firebase-functions/lib/index.js"} {"metadata":{"emulator":{"name":"functions"},"function":{"name":"saveImage"},"message":"[runtime-status] [5229] Resolved module firebase-functions {\"declared\":true,\"installed\":true,\"version\":\"3.9.0\",\"resolution\":\"/Users/toli/Sites/activity-brainstorm/functions/node_modules/firebase-functions/lib/index.js\"}"}}
[debug] [2020-08-18T22:43:05.206Z] [runtime-status] [5229] Resolved module firebase-admin {"declared":true,"installed":true,"version":"8.13.0","resolution":"/Users/toli/Sites/activity-brainstorm/functions/node_modules/firebase-admin/lib/index.js"} {"metadata":{"emulator":{"name":"functions"},"function":{"name":"saveImage"},"message":"[runtime-status] [5229] Resolved module firebase-admin {\"declared\":true,\"installed\":true,\"version\":\"8.13.0\",\"resolution\":\"/Users/toli/Sites/activity-brainstorm/functions/node_modules/firebase-admin/lib/index.js\"}"}}
[debug] [2020-08-18T22:43:05.207Z] [runtime-status] [5229] Resolved module firebase-functions {"declared":true,"installed":true,"version":"3.9.0","resolution":"/Users/toli/Sites/activity-brainstorm/functions/node_modules/firebase-functions/lib/index.js"} {"metadata":{"emulator":{"name":"functions"},"function":{"name":"saveImage"},"message":"[runtime-status] [5229] Resolved module firebase-functions {\"declared\":true,\"installed\":true,\"version\":\"3.9.0\",\"resolution\":\"/Users/toli/Sites/activity-brainstorm/functions/node_modules/firebase-functions/lib/index.js\"}"}}
[debug] [2020-08-18T22:43:05.207Z] [runtime-status] [5229] firebase-admin has been stubbed. {"adminResolution":{"declared":true,"installed":true,"version":"8.13.0","resolution":"/Users/toli/Sites/activity-brainstorm/functions/node_modules/firebase-admin/lib/index.js"}} {"metadata":{"emulator":{"name":"functions"},"function":{"name":"saveImage"},"message":"[runtime-status] [5229] firebase-admin has been stubbed. {\"adminResolution\":{\"declared\":true,\"installed\":true,\"version\":\"8.13.0\",\"resolution\":\"/Users/toli/Sites/activity-brainstorm/functions/node_modules/firebase-admin/lib/index.js\"}}"}}
[debug] [2020-08-18T22:43:05.226Z] [runtime-status] [5229] initializeApp(DEFAULT) {"apiKey":"AIzaSyDn5aOkNmVjWs6qtPBisJItDFSX4BkEEjk","authDomain":"activitybrainstorm.firebaseapp.com","databaseURL":"https://activitybrainstorm.firebaseio.com","projectId":"activitybrainstorm","storageBucket":"activitybrainstorm.appspot.com","messagingSenderId":"849978065136","appId":"1:849978065136:web:e61994a5f44624054c0235","measurementId":"G-TDD9GVQX53"} {"metadata":{"emulator":{"name":"functions"},"function":{"name":"saveImage"},"message":"[runtime-status] [5229] initializeApp(DEFAULT) {\"apiKey\":\"AIzaSyDn5aOkNmVjWs6qtPBisJItDFSX4BkEEjk\",\"authDomain\":\"activitybrainstorm.firebaseapp.com\",\"databaseURL\":\"https://activitybrainstorm.firebaseio.com\",\"projectId\":\"activitybrainstorm\",\"storageBucket\":\"activitybrainstorm.appspot.com\",\"messagingSenderId\":\"849978065136\",\"appId\":\"1:849978065136:web:e61994a5f44624054c0235\",\"measurementId\":\"G-TDD9GVQX53\"}"}}
[debug] [2020-08-18T22:43:05.506Z] [runtime-status] [5229] Trigger "saveImage" has been found, beginning invocation! {"metadata":{"emulator":{"name":"functions"},"function":{"name":"saveImage"},"message":"[runtime-status] [5229] Trigger \"saveImage\" has been found, beginning invocation!"}}
[info] i  functions: Beginning execution of "saveImage" {"metadata":{"emulator":{"name":"functions"},"function":{"name":"saveImage"},"message":"Beginning execution of \"saveImage\""}}
[debug] [2020-08-18T22:43:05.507Z] [runtime-status] [5229] triggerDefinition {"httpsTrigger":{},"name":"saveImage","entryPoint":"saveImage"} {"metadata":{"emulator":{"name":"functions"},"function":{"name":"saveImage"},"message":"[runtime-status] [5229] triggerDefinition {\"httpsTrigger\":{},\"name\":\"saveImage\",\"entryPoint\":\"saveImage\"}"}}
[debug] [2020-08-18T22:43:05.507Z] [runtime-status] [5229] Running saveImage in mode HTTPS {"metadata":{"emulator":{"name":"functions"},"function":{"name":"saveImage"},"message":"[runtime-status] [5229] Running saveImage in mode HTTPS"}}
[debug] [2020-08-18T22:43:05.511Z] [runtime-status] [5229] Attempting to listen to socketPath: /var/folders/vp/mclb60jn52d27cy2gqy20hxc0000gn/T/fire_emu_5229.sock {"metadata":{"emulator":{"name":"functions"},"function":{"name":"saveImage"},"message":"[runtime-status] [5229] Attempting to listen to socketPath: /var/folders/vp/mclb60jn52d27cy2gqy20hxc0000gn/T/fire_emu_5229.sock"}}
[debug] [2020-08-18T22:43:05.515Z] [functions] Runtime ready! Sending request! {"metadata":{"emulator":{"name":"functions"},"message":"[functions] Runtime ready! Sending request!"}}
[debug] [2020-08-18T22:43:05.520Z] [runtime-status] [5229] Ephemeral server handling OPTIONS request {"metadata":{"emulator":{"name":"functions"},"function":{"name":"saveImage"},"message":"[runtime-status] [5229] Ephemeral server handling OPTIONS request"}}
[debug] [2020-08-18T22:43:05.526Z] [runtime-status] [5229] Ephemeral server survived. {"metadata":{"emulator":{"name":"functions"},"function":{"name":"saveImage"},"message":"[runtime-status] [5229] Ephemeral server survived."}}
[info] i  functions: Finished "saveImage" in ~1s {"metadata":{"emulator":{"name":"functions"},"function":{"name":"saveImage"},"message":"Finished \"saveImage\" in ~1s"}}
[debug] [2020-08-18T22:43:05.529Z] [worker-saveImage-3684dcfa-5d4f-4295-a757-e30d63e3915e]: IDLE {"metadata":{"emulator":{"name":"functions"},"message":"[worker-saveImage-3684dcfa-5d4f-4295-a757-e30d63e3915e]: IDLE"}}
[debug] [2020-08-18T22:43:05.529Z] [work-queue] {"queueLength":0,"workRunningCount":0}
[debug] [2020-08-18T22:43:05.529Z] [work-queue] {"queueLength":1,"workRunningCount":0}
[debug] [2020-08-18T22:43:05.531Z] [work-queue] {"queueLength":0,"workRunningCount":1}
[debug] [2020-08-18T22:43:05.531Z] Accepted request PUT /activitybrainstorm/us-central1/saveImage --> saveImage
[debug] [2020-08-18T22:43:05.531Z] [worker-pool] submitWork(triggerId=saveImage) {"metadata":{"emulator":{"name":"functions"},"message":"[worker-pool] submitWork(triggerId=saveImage)"}}
[debug] [2020-08-18T22:43:05.531Z] [worker-saveImage-3684dcfa-5d4f-4295-a757-e30d63e3915e]: Assigning socketPath: /var/folders/vp/mclb60jn52d27cy2gqy20hxc0000gn/T/fire_emu_5229.sock {"metadata":{"emulator":{"name":"functions"},"message":"[worker-saveImage-3684dcfa-5d4f-4295-a757-e30d63e3915e]: Assigning socketPath: /var/folders/vp/mclb60jn52d27cy2gqy20hxc0000gn/T/fire_emu_5229.sock"}}
[debug] [2020-08-18T22:43:05.532Z] [worker-saveImage-3684dcfa-5d4f-4295-a757-e30d63e3915e]: BUSY {"metadata":{"emulator":{"name":"functions"},"message":"[worker-saveImage-3684dcfa-5d4f-4295-a757-e30d63e3915e]: BUSY"}}
[debug] [2020-08-18T22:43:05.540Z] [runtime-status] [5229] Trigger "saveImage" has been found, beginning invocation! {"metadata":{"emulator":{"name":"functions"},"function":{"name":"saveImage"},"message":"[runtime-status] [5229] Trigger \"saveImage\" has been found, beginning invocation!"}}
[info] i  functions: Beginning execution of "saveImage" {"metadata":{"emulator":{"name":"functions"},"function":{"name":"saveImage"},"message":"Beginning execution of \"saveImage\""}}
[debug] [2020-08-18T22:43:05.541Z] [runtime-status] [5229] triggerDefinition {"httpsTrigger":{},"name":"saveImage","entryPoint":"saveImage"} {"metadata":{"emulator":{"name":"functions"},"function":{"name":"saveImage"},"message":"[runtime-status] [5229] triggerDefinition {\"httpsTrigger\":{},\"name\":\"saveImage\",\"entryPoint\":\"saveImage\"}"}}
[debug] [2020-08-18T22:43:05.541Z] [runtime-status] [5229] Running saveImage in mode HTTPS {"metadata":{"emulator":{"name":"functions"},"function":{"name":"saveImage"},"message":"[runtime-status] [5229] Running saveImage in mode HTTPS"}}
[debug] [2020-08-18T22:43:05.541Z] [runtime-status] [5229] Attempting to listen to socketPath: /var/folders/vp/mclb60jn52d27cy2gqy20hxc0000gn/T/fire_emu_5229.sock {"metadata":{"emulator":{"name":"functions"},"function":{"name":"saveImage"},"message":"[runtime-status] [5229] Attempting to listen to socketPath: /var/folders/vp/mclb60jn52d27cy2gqy20hxc0000gn/T/fire_emu_5229.sock"}}
[debug] [2020-08-18T22:43:05.542Z] [functions] Runtime ready! Sending request! {"metadata":{"emulator":{"name":"functions"},"message":"[functions] Runtime ready! Sending request!"}}
[debug] [2020-08-18T22:43:05.558Z] [runtime-status] [5229] Ephemeral server handling PUT request {"metadata":{"emulator":{"name":"functions"},"function":{"name":"saveImage"},"message":"[runtime-status] [5229] Ephemeral server handling PUT request"}}
[debug] [2020-08-18T22:43:05.568Z] [runtime-status] [5229] Ephemeral server survived. {"metadata":{"emulator":{"name":"functions"},"function":{"name":"saveImage"},"message":"[runtime-status] [5229] Ephemeral server survived."}}
[warn] ⚠  Google API requested!
   - URL: "https://oauth2.googleapis.com/token"
   - Be careful, this may be a production service. {"metadata":{"emulator":{"name":"functions"},"function":{"name":"saveImage"},"message":"Google API requested!\n   - URL: \"https://oauth2.googleapis.com/token\"\n   - Be careful, this may be a production service."}}
[warn] ⚠  Google API requested!
   - URL: "https://storage.googleapis.com/upload/storage/v1/b/activitybrainstorm.appspot.com/o?name=b496be60-2b2b-4609-9e2e-c2e0525d5515.jpg%3F6&uploadType=resumable"
   - Be careful, this may be a production service. {"metadata":{"emulator":{"name":"functions"},"function":{"name":"saveImage"},"message":"Google API requested!\n   - URL: \"https://storage.googleapis.com/upload/storage/v1/b/activitybrainstorm.appspot.com/o?name=b496be60-2b2b-4609-9e2e-c2e0525d5515.jpg%3F6&uploadType=resumable\"\n   - Be careful, this may be a production service."}}
[warn] ⚠  Google API requested!
   - URL: "https://storage.googleapis.com/upload/storage/v1/b/activitybrainstorm.appspot.com/o?name=b496be60-2b2b-4609-9e2e-c2e0525d5515.jpg%3F6&uploadType=resumable&upload_id=AAANsUlxrRGilwTUKS4TjWFwDy31Ha-V6nOyWG6bOl305Ixx_kBmhHr3cImn0zxQdooR-Mxg6mRoyEiqQXCGjMlVhBuwGgHPig"
   - Be careful, this may be a production service. {"metadata":{"emulator":{"name":"functions"},"function":{"name":"saveImage"},"message":"Google API requested!\n   - URL: \"https://storage.googleapis.com/upload/storage/v1/b/activitybrainstorm.appspot.com/o?name=b496be60-2b2b-4609-9e2e-c2e0525d5515.jpg%3F6&uploadType=resumable&upload_id=AAANsUlxrRGilwTUKS4TjWFwDy31Ha-V6nOyWG6bOl305Ixx_kBmhHr3cImn0zxQdooR-Mxg6mRoyEiqQXCGjMlVhBuwGgHPig\"\n   - Be careful, this may be a production service."}}
[warn] ⚠  Google API requested!
   - URL: "https://storage.googleapis.com/storage/v1/b/activitybrainstorm.appspot.com/o/b496be60-2b2b-4609-9e2e-c2e0525d5515.jpg%3F6/acl?"
   - Be careful, this may be a production service. {"metadata":{"emulator":{"name":"functions"},"function":{"name":"saveImage"},"message":"Google API requested!\n   - URL: \"https://storage.googleapis.com/storage/v1/b/activitybrainstorm.appspot.com/o/b496be60-2b2b-4609-9e2e-c2e0525d5515.jpg%3F6/acl?\"\n   - Be careful, this may be a production service."}}
[info] i  functions: Finished "saveImage" in ~3s {"metadata":{"emulator":{"name":"functions"},"function":{"name":"saveImage"},"message":"Finished \"saveImage\" in ~3s"}}
[debug] [2020-08-18T22:43:09.207Z] [worker-saveImage-3684dcfa-5d4f-4295-a757-e30d63e3915e]: IDLE {"metadata":{"emulator":{"name":"functions"},"message":"[worker-saveImage-3684dcfa-5d4f-4295-a757-e30d63e3915e]: IDLE"}}
[debug] [2020-08-18T22:43:09.207Z] [work-queue] {"queueLength":0,"workRunningCount":0}
[debug] [2020-08-18T22:43:09.214Z] [work-queue] {"queueLength":1,"workRunningCount":0}
[debug] [2020-08-18T22:43:09.215Z] [work-queue] {"queueLength":0,"workRunningCount":1}
[debug] [2020-08-18T22:43:09.215Z] Accepted request PUT /activitybrainstorm/us-central1/saveImage --> saveImage
[debug] [2020-08-18T22:43:09.215Z] [worker-pool] submitWork(triggerId=saveImage) {"metadata":{"emulator":{"name":"functions"},"message":"[worker-pool] submitWork(triggerId=saveImage)"}}
[debug] [2020-08-18T22:43:09.215Z] [worker-saveImage-3684dcfa-5d4f-4295-a757-e30d63e3915e]: Assigning socketPath: /var/folders/vp/mclb60jn52d27cy2gqy20hxc0000gn/T/fire_emu_5229.sock {"metadata":{"emulator":{"name":"functions"},"message":"[worker-saveImage-3684dcfa-5d4f-4295-a757-e30d63e3915e]: Assigning socketPath: /var/folders/vp/mclb60jn52d27cy2gqy20hxc0000gn/T/fire_emu_5229.sock"}}
[debug] [2020-08-18T22:43:09.215Z] [worker-saveImage-3684dcfa-5d4f-4295-a757-e30d63e3915e]: BUSY {"metadata":{"emulator":{"name":"functions"},"message":"[worker-saveImage-3684dcfa-5d4f-4295-a757-e30d63e3915e]: BUSY"}}
[debug] [2020-08-18T22:43:09.217Z] [runtime-status] [5229] Trigger "saveImage" has been found, beginning invocation! {"metadata":{"emulator":{"name":"functions"},"function":{"name":"saveImage"},"message":"[runtime-status] [5229] Trigger \"saveImage\" has been found, beginning invocation!"}}
[info] i  functions: Beginning execution of "saveImage" {"metadata":{"emulator":{"name":"functions"},"function":{"name":"saveImage"},"message":"Beginning execution of \"saveImage\""}}
[debug] [2020-08-18T22:43:09.217Z] [runtime-status] [5229] triggerDefinition {"httpsTrigger":{},"name":"saveImage","entryPoint":"saveImage"} {"metadata":{"emulator":{"name":"functions"},"function":{"name":"saveImage"},"message":"[runtime-status] [5229] triggerDefinition {\"httpsTrigger\":{},\"name\":\"saveImage\",\"entryPoint\":\"saveImage\"}"}}
[debug] [2020-08-18T22:43:09.217Z] [runtime-status] [5229] Running saveImage in mode HTTPS {"metadata":{"emulator":{"name":"functions"},"function":{"name":"saveImage"},"message":"[runtime-status] [5229] Running saveImage in mode HTTPS"}}
[debug] [2020-08-18T22:43:09.218Z] [runtime-status] [5229] Attempting to listen to socketPath: /var/folders/vp/mclb60jn52d27cy2gqy20hxc0000gn/T/fire_emu_5229.sock {"metadata":{"emulator":{"name":"functions"},"function":{"name":"saveImage"},"message":"[runtime-status] [5229] Attempting to listen to socketPath: /var/folders/vp/mclb60jn52d27cy2gqy20hxc0000gn/T/fire_emu_5229.sock"}}
[debug] [2020-08-18T22:43:09.221Z] [functions] Runtime ready! Sending request! {"metadata":{"emulator":{"name":"functions"},"message":"[functions] Runtime ready! Sending request!"}}
[debug] [2020-08-18T22:43:09.226Z] [runtime-status] [5229] Ephemeral server handling PUT request {"metadata":{"emulator":{"name":"functions"},"function":{"name":"saveImage"},"message":"[runtime-status] [5229] Ephemeral server handling PUT request"}}
[debug] [2020-08-18T22:43:09.228Z] [runtime-status] [5229] Ephemeral server survived. {"metadata":{"emulator":{"name":"functions"},"function":{"name":"saveImage"},"message":"[runtime-status] [5229] Ephemeral server survived."}}
[warn] ⚠  Google API requested!
   - URL: "https://storage.googleapis.com/upload/storage/v1/b/activitybrainstorm.appspot.com/o?name=bdac1194-3211-4d4e-95d2-715934a2a83e.QGkSabpXQTxil8-AD0DPjgHaJa%26pid%3DApi&uploadType=resumable"
   - Be careful, this may be a production service. {"metadata":{"emulator":{"name":"functions"},"function":{"name":"saveImage"},"message":"Google API requested!\n   - URL: \"https://storage.googleapis.com/upload/storage/v1/b/activitybrainstorm.appspot.com/o?name=bdac1194-3211-4d4e-95d2-715934a2a83e.QGkSabpXQTxil8-AD0DPjgHaJa%26pid%3DApi&uploadType=resumable\"\n   - Be careful, this may be a production service."}}
[warn] ⚠  Google API requested!
   - URL: "https://storage.googleapis.com/upload/storage/v1/b/activitybrainstorm.appspot.com/o?name=bdac1194-3211-4d4e-95d2-715934a2a83e.QGkSabpXQTxil8-AD0DPjgHaJa%26pid%3DApi&uploadType=resumable&upload_id=AAANsUlfhD5RqxsMnDhKqJiufwa7LIGDblu2pRW0vq33vxFQSD5C9CNZi8G8BZHsA8E_TDGg161Puzx6c0EbPO14_lnb0tmuOQ"
   - Be careful, this may be a production service. {"metadata":{"emulator":{"name":"functions"},"function":{"name":"saveImage"},"message":"Google API requested!\n   - URL: \"https://storage.googleapis.com/upload/storage/v1/b/activitybrainstorm.appspot.com/o?name=bdac1194-3211-4d4e-95d2-715934a2a83e.QGkSabpXQTxil8-AD0DPjgHaJa%26pid%3DApi&uploadType=resumable&upload_id=AAANsUlfhD5RqxsMnDhKqJiufwa7LIGDblu2pRW0vq33vxFQSD5C9CNZi8G8BZHsA8E_TDGg161Puzx6c0EbPO14_lnb0tmuOQ\"\n   - Be careful, this may be a production service."}}
[warn] ⚠  Google API requested!
   - URL: "https://storage.googleapis.com/storage/v1/b/activitybrainstorm.appspot.com/o/bdac1194-3211-4d4e-95d2-715934a2a83e.QGkSabpXQTxil8-AD0DPjgHaJa%26pid%3DApi/acl?"
   - Be careful, this may be a production service. {"metadata":{"emulator":{"name":"functions"},"function":{"name":"saveImage"},"message":"Google API requested!\n   - URL: \"https://storage.googleapis.com/storage/v1/b/activitybrainstorm.appspot.com/o/bdac1194-3211-4d4e-95d2-715934a2a83e.QGkSabpXQTxil8-AD0DPjgHaJa%26pid%3DApi/acl?\"\n   - Be careful, this may be a production service."}}
[info] i  functions: Finished "saveImage" in ~2s {"metadata":{"emulator":{"name":"functions"},"function":{"name":"saveImage"},"message":"Finished \"saveImage\" in ~2s"}}
[debug] [2020-08-18T22:43:11.836Z] [worker-saveImage-3684dcfa-5d4f-4295-a757-e30d63e3915e]: IDLE {"metadata":{"emulator":{"name":"functions"},"message":"[worker-saveImage-3684dcfa-5d4f-4295-a757-e30d63e3915e]: IDLE"}}
[debug] [2020-08-18T22:43:11.836Z] [work-queue] {"queueLength":0,"workRunningCount":0}
[debug] [2020-08-18T22:43:15.942Z] [work-queue] {"queueLength":1,"workRunningCount":0}
[debug] [2020-08-18T22:43:15.942Z] [work-queue] {"queueLength":0,"workRunningCount":1}
[debug] [2020-08-18T22:43:15.942Z] Accepted request GET /activitybrainstorm/us-central1/imageSearch?search=Grand%20Canyon --> imageSearch
[debug] [2020-08-18T22:43:15.942Z] [worker-pool] submitWork(triggerId=imageSearch) {"metadata":{"emulator":{"name":"functions"},"message":"[worker-pool] submitWork(triggerId=imageSearch)"}}
[debug] [2020-08-18T22:43:15.943Z] [worker-imageSearch-b77bda4e-04f8-45fd-9d1f-9977f9ddf2b5]: Assigning socketPath: /var/folders/vp/mclb60jn52d27cy2gqy20hxc0000gn/T/fire_emu_5035.sock {"metadata":{"emulator":{"name":"functions"},"message":"[worker-imageSearch-b77bda4e-04f8-45fd-9d1f-9977f9ddf2b5]: Assigning socketPath: /var/folders/vp/mclb60jn52d27cy2gqy20hxc0000gn/T/fire_emu_5035.sock"}}
[debug] [2020-08-18T22:43:15.944Z] [worker-imageSearch-b77bda4e-04f8-45fd-9d1f-9977f9ddf2b5]: BUSY {"metadata":{"emulator":{"name":"functions"},"message":"[worker-imageSearch-b77bda4e-04f8-45fd-9d1f-9977f9ddf2b5]: BUSY"}}
[debug] [2020-08-18T22:43:15.944Z] [runtime-status] [5035] Trigger "imageSearch" has been found, beginning invocation! {"metadata":{"emulator":{"name":"functions"},"function":{"name":"imageSearch"},"message":"[runtime-status] [5035] Trigger \"imageSearch\" has been found, beginning invocation!"}}
[info] i  functions: Beginning execution of "imageSearch" {"metadata":{"emulator":{"name":"functions"},"function":{"name":"imageSearch"},"message":"Beginning execution of \"imageSearch\""}}
[debug] [2020-08-18T22:43:15.945Z] [runtime-status] [5035] triggerDefinition {"httpsTrigger":{},"name":"imageSearch","entryPoint":"imageSearch"} {"metadata":{"emulator":{"name":"functions"},"function":{"name":"imageSearch"},"message":"[runtime-status] [5035] triggerDefinition {\"httpsTrigger\":{},\"name\":\"imageSearch\",\"entryPoint\":\"imageSearch\"}"}}
[debug] [2020-08-18T22:43:15.945Z] [runtime-status] [5035] Running imageSearch in mode HTTPS {"metadata":{"emulator":{"name":"functions"},"function":{"name":"imageSearch"},"message":"[runtime-status] [5035] Running imageSearch in mode HTTPS"}}
[debug] [2020-08-18T22:43:15.945Z] [runtime-status] [5035] Attempting to listen to socketPath: /var/folders/vp/mclb60jn52d27cy2gqy20hxc0000gn/T/fire_emu_5035.sock {"metadata":{"emulator":{"name":"functions"},"function":{"name":"imageSearch"},"message":"[runtime-status] [5035] Attempting to listen to socketPath: /var/folders/vp/mclb60jn52d27cy2gqy20hxc0000gn/T/fire_emu_5035.sock"}}
[debug] [2020-08-18T22:43:15.948Z] [functions] Runtime ready! Sending request! {"metadata":{"emulator":{"name":"functions"},"message":"[functions] Runtime ready! Sending request!"}}
[debug] [2020-08-18T22:43:15.950Z] [runtime-status] [5035] Ephemeral server handling GET request {"metadata":{"emulator":{"name":"functions"},"function":{"name":"imageSearch"},"message":"[runtime-status] [5035] Ephemeral server handling GET request"}}
[debug] [2020-08-18T22:43:15.954Z] [runtime-status] [5035] Ephemeral server survived. {"metadata":{"emulator":{"name":"functions"},"function":{"name":"imageSearch"},"message":"[runtime-status] [5035] Ephemeral server survived."}}
[info] i  functions: Finished "imageSearch" in ~1s {"metadata":{"emulator":{"name":"functions"},"function":{"name":"imageSearch"},"message":"Finished \"imageSearch\" in ~1s"}}
[debug] [2020-08-18T22:43:16.750Z] [worker-imageSearch-b77bda4e-04f8-45fd-9d1f-9977f9ddf2b5]: IDLE {"metadata":{"emulator":{"name":"functions"},"message":"[worker-imageSearch-b77bda4e-04f8-45fd-9d1f-9977f9ddf2b5]: IDLE"}}
[debug] [2020-08-18T22:43:16.750Z] [work-queue] {"queueLength":0,"workRunningCount":0}
[debug] [2020-08-18T22:43:17.763Z] [work-queue] {"queueLength":1,"workRunningCount":0}
[debug] [2020-08-18T22:43:17.763Z] [work-queue] {"queueLength":0,"workRunningCount":1}
[debug] [2020-08-18T22:43:17.763Z] Accepted request OPTIONS /activitybrainstorm/us-central1/saveImage --> saveImage
[debug] [2020-08-18T22:43:17.763Z] [worker-pool] submitWork(triggerId=saveImage) {"metadata":{"emulator":{"name":"functions"},"message":"[worker-pool] submitWork(triggerId=saveImage)"}}
[debug] [2020-08-18T22:43:17.763Z] [worker-saveImage-3684dcfa-5d4f-4295-a757-e30d63e3915e]: Assigning socketPath: /var/folders/vp/mclb60jn52d27cy2gqy20hxc0000gn/T/fire_emu_5229.sock {"metadata":{"emulator":{"name":"functions"},"message":"[worker-saveImage-3684dcfa-5d4f-4295-a757-e30d63e3915e]: Assigning socketPath: /var/folders/vp/mclb60jn52d27cy2gqy20hxc0000gn/T/fire_emu_5229.sock"}}
[debug] [2020-08-18T22:43:17.763Z] [worker-saveImage-3684dcfa-5d4f-4295-a757-e30d63e3915e]: BUSY {"metadata":{"emulator":{"name":"functions"},"message":"[worker-saveImage-3684dcfa-5d4f-4295-a757-e30d63e3915e]: BUSY"}}
[debug] [2020-08-18T22:43:17.764Z] [runtime-status] [5229] Trigger "saveImage" has been found, beginning invocation! {"metadata":{"emulator":{"name":"functions"},"function":{"name":"saveImage"},"message":"[runtime-status] [5229] Trigger \"saveImage\" has been found, beginning invocation!"}}
[info] i  functions: Beginning execution of "saveImage" {"metadata":{"emulator":{"name":"functions"},"function":{"name":"saveImage"},"message":"Beginning execution of \"saveImage\""}}
[debug] [2020-08-18T22:43:17.765Z] [runtime-status] [5229] triggerDefinition {"httpsTrigger":{},"name":"saveImage","entryPoint":"saveImage"} {"metadata":{"emulator":{"name":"functions"},"function":{"name":"saveImage"},"message":"[runtime-status] [5229] triggerDefinition {\"httpsTrigger\":{},\"name\":\"saveImage\",\"entryPoint\":\"saveImage\"}"}}
[debug] [2020-08-18T22:43:17.765Z] [runtime-status] [5229] Running saveImage in mode HTTPS {"metadata":{"emulator":{"name":"functions"},"function":{"name":"saveImage"},"message":"[runtime-status] [5229] Running saveImage in mode HTTPS"}}
[debug] [2020-08-18T22:43:17.765Z] [runtime-status] [5229] Attempting to listen to socketPath: /var/folders/vp/mclb60jn52d27cy2gqy20hxc0000gn/T/fire_emu_5229.sock {"metadata":{"emulator":{"name":"functions"},"function":{"name":"saveImage"},"message":"[runtime-status] [5229] Attempting to listen to socketPath: /var/folders/vp/mclb60jn52d27cy2gqy20hxc0000gn/T/fire_emu_5229.sock"}}
[debug] [2020-08-18T22:43:17.766Z] [functions] Runtime ready! Sending request! {"metadata":{"emulator":{"name":"functions"},"message":"[functions] Runtime ready! Sending request!"}}
[debug] [2020-08-18T22:43:17.770Z] [runtime-status] [5229] Ephemeral server handling OPTIONS request {"metadata":{"emulator":{"name":"functions"},"function":{"name":"saveImage"},"message":"[runtime-status] [5229] Ephemeral server handling OPTIONS request"}}
[debug] [2020-08-18T22:43:17.771Z] [runtime-status] [5229] Ephemeral server survived. {"metadata":{"emulator":{"name":"functions"},"function":{"name":"saveImage"},"message":"[runtime-status] [5229] Ephemeral server survived."}}
[info] i  functions: Finished "saveImage" in ~1s {"metadata":{"emulator":{"name":"functions"},"function":{"name":"saveImage"},"message":"Finished \"saveImage\" in ~1s"}}
[debug] [2020-08-18T22:43:17.772Z] [worker-saveImage-3684dcfa-5d4f-4295-a757-e30d63e3915e]: IDLE {"metadata":{"emulator":{"name":"functions"},"message":"[worker-saveImage-3684dcfa-5d4f-4295-a757-e30d63e3915e]: IDLE"}}
[debug] [2020-08-18T22:43:17.773Z] [work-queue] {"queueLength":0,"workRunningCount":0}
[debug] [2020-08-18T22:43:17.776Z] [work-queue] {"queueLength":1,"workRunningCount":0}
[debug] [2020-08-18T22:43:17.777Z] [work-queue] {"queueLength":0,"workRunningCount":1}
[debug] [2020-08-18T22:43:17.777Z] Accepted request PUT /activitybrainstorm/us-central1/saveImage --> saveImage
[debug] [2020-08-18T22:43:17.777Z] [worker-pool] submitWork(triggerId=saveImage) {"metadata":{"emulator":{"name":"functions"},"message":"[worker-pool] submitWork(triggerId=saveImage)"}}
[debug] [2020-08-18T22:43:17.777Z] [worker-saveImage-3684dcfa-5d4f-4295-a757-e30d63e3915e]: Assigning socketPath: /var/folders/vp/mclb60jn52d27cy2gqy20hxc0000gn/T/fire_emu_5229.sock {"metadata":{"emulator":{"name":"functions"},"message":"[worker-saveImage-3684dcfa-5d4f-4295-a757-e30d63e3915e]: Assigning socketPath: /var/folders/vp/mclb60jn52d27cy2gqy20hxc0000gn/T/fire_emu_5229.sock"}}
[debug] [2020-08-18T22:43:17.777Z] [worker-saveImage-3684dcfa-5d4f-4295-a757-e30d63e3915e]: BUSY {"metadata":{"emulator":{"name":"functions"},"message":"[worker-saveImage-3684dcfa-5d4f-4295-a757-e30d63e3915e]: BUSY"}}
[debug] [2020-08-18T22:43:17.783Z] [runtime-status] [5229] Trigger "saveImage" has been found, beginning invocation! {"metadata":{"emulator":{"name":"functions"},"function":{"name":"saveImage"},"message":"[runtime-status] [5229] Trigger \"saveImage\" has been found, beginning invocation!"}}
[info] i  functions: Beginning execution of "saveImage" {"metadata":{"emulator":{"name":"functions"},"function":{"name":"saveImage"},"message":"Beginning execution of \"saveImage\""}}
[debug] [2020-08-18T22:43:17.784Z] [runtime-status] [5229] triggerDefinition {"httpsTrigger":{},"name":"saveImage","entryPoint":"saveImage"} {"metadata":{"emulator":{"name":"functions"},"function":{"name":"saveImage"},"message":"[runtime-status] [5229] triggerDefinition {\"httpsTrigger\":{},\"name\":\"saveImage\",\"entryPoint\":\"saveImage\"}"}}
[debug] [2020-08-18T22:43:17.784Z] [runtime-status] [5229] Running saveImage in mode HTTPS {"metadata":{"emulator":{"name":"functions"},"function":{"name":"saveImage"},"message":"[runtime-status] [5229] Running saveImage in mode HTTPS"}}
[debug] [2020-08-18T22:43:17.784Z] [runtime-status] [5229] Attempting to listen to socketPath: /var/folders/vp/mclb60jn52d27cy2gqy20hxc0000gn/T/fire_emu_5229.sock {"metadata":{"emulator":{"name":"functions"},"function":{"name":"saveImage"},"message":"[runtime-status] [5229] Attempting to listen to socketPath: /var/folders/vp/mclb60jn52d27cy2gqy20hxc0000gn/T/fire_emu_5229.sock"}}
[debug] [2020-08-18T22:43:17.785Z] [functions] Runtime ready! Sending request! {"metadata":{"emulator":{"name":"functions"},"message":"[functions] Runtime ready! Sending request!"}}
[debug] [2020-08-18T22:43:17.788Z] [runtime-status] [5229] Ephemeral server handling PUT request {"metadata":{"emulator":{"name":"functions"},"function":{"name":"saveImage"},"message":"[runtime-status] [5229] Ephemeral server handling PUT request"}}
[debug] [2020-08-18T22:43:17.791Z] [runtime-status] [5229] Ephemeral server survived. {"metadata":{"emulator":{"name":"functions"},"function":{"name":"saveImage"},"message":"[runtime-status] [5229] Ephemeral server survived."}}
[warn] ⚠  Google API requested!
   - URL: "https://storage.googleapis.com/upload/storage/v1/b/activitybrainstorm.appspot.com/o?name=59bbeb2d-f937-48d4-a1d0-1609d8c8dddf.jpg&uploadType=resumable"
   - Be careful, this may be a production service. {"metadata":{"emulator":{"name":"functions"},"function":{"name":"saveImage"},"message":"Google API requested!\n   - URL: \"https://storage.googleapis.com/upload/storage/v1/b/activitybrainstorm.appspot.com/o?name=59bbeb2d-f937-48d4-a1d0-1609d8c8dddf.jpg&uploadType=resumable\"\n   - Be careful, this may be a production service."}}
[warn] ⚠  Google API requested!
   - URL: "https://storage.googleapis.com/upload/storage/v1/b/activitybrainstorm.appspot.com/o?name=59bbeb2d-f937-48d4-a1d0-1609d8c8dddf.jpg&uploadType=resumable&upload_id=AAANsUlzXdE2FWhEV-BVaO2O6VqrkRCJp3bsKlTiJQH56BK2v6RrsmgviAqBo7DaVP18qFBuTE1Vy7A3CvYiFOpzgYXiD3jMrg"
   - Be careful, this may be a production service. {"metadata":{"emulator":{"name":"functions"},"function":{"name":"saveImage"},"message":"Google API requested!\n   - URL: \"https://storage.googleapis.com/upload/storage/v1/b/activitybrainstorm.appspot.com/o?name=59bbeb2d-f937-48d4-a1d0-1609d8c8dddf.jpg&uploadType=resumable&upload_id=AAANsUlzXdE2FWhEV-BVaO2O6VqrkRCJp3bsKlTiJQH56BK2v6RrsmgviAqBo7DaVP18qFBuTE1Vy7A3CvYiFOpzgYXiD3jMrg\"\n   - Be careful, this may be a production service."}}
[warn] ⚠  Google API requested!
   - URL: "https://storage.googleapis.com/storage/v1/b/activitybrainstorm.appspot.com/o/59bbeb2d-f937-48d4-a1d0-1609d8c8dddf.jpg/acl?"
   - Be careful, this may be a production service. {"metadata":{"emulator":{"name":"functions"},"function":{"name":"saveImage"},"message":"Google API requested!\n   - URL: \"https://storage.googleapis.com/storage/v1/b/activitybrainstorm.appspot.com/o/59bbeb2d-f937-48d4-a1d0-1609d8c8dddf.jpg/acl?\"\n   - Be careful, this may be a production service."}}
[info] i  functions: Finished "saveImage" in ~3s {"metadata":{"emulator":{"name":"functions"},"function":{"name":"saveImage"},"message":"Finished \"saveImage\" in ~3s"}}
[debug] [2020-08-18T22:43:20.847Z] [worker-saveImage-3684dcfa-5d4f-4295-a757-e30d63e3915e]: IDLE {"metadata":{"emulator":{"name":"functions"},"message":"[worker-saveImage-3684dcfa-5d4f-4295-a757-e30d63e3915e]: IDLE"}}
[debug] [2020-08-18T22:43:20.847Z] [work-queue] {"queueLength":0,"workRunningCount":0}
[debug] [2020-08-18T22:43:20.855Z] [work-queue] {"queueLength":1,"workRunningCount":0}
[debug] [2020-08-18T22:43:20.855Z] [work-queue] {"queueLength":0,"workRunningCount":1}
[debug] [2020-08-18T22:43:20.855Z] Accepted request PUT /activitybrainstorm/us-central1/saveImage --> saveImage
[debug] [2020-08-18T22:43:20.856Z] [worker-pool] submitWork(triggerId=saveImage) {"metadata":{"emulator":{"name":"functions"},"message":"[worker-pool] submitWork(triggerId=saveImage)"}}
[debug] [2020-08-18T22:43:20.856Z] [worker-saveImage-3684dcfa-5d4f-4295-a757-e30d63e3915e]: Assigning socketPath: /var/folders/vp/mclb60jn52d27cy2gqy20hxc0000gn/T/fire_emu_5229.sock {"metadata":{"emulator":{"name":"functions"},"message":"[worker-saveImage-3684dcfa-5d4f-4295-a757-e30d63e3915e]: Assigning socketPath: /var/folders/vp/mclb60jn52d27cy2gqy20hxc0000gn/T/fire_emu_5229.sock"}}
[debug] [2020-08-18T22:43:20.856Z] [worker-saveImage-3684dcfa-5d4f-4295-a757-e30d63e3915e]: BUSY {"metadata":{"emulator":{"name":"functions"},"message":"[worker-saveImage-3684dcfa-5d4f-4295-a757-e30d63e3915e]: BUSY"}}
[debug] [2020-08-18T22:43:20.858Z] [runtime-status] [5229] Trigger "saveImage" has been found, beginning invocation! {"metadata":{"emulator":{"name":"functions"},"function":{"name":"saveImage"},"message":"[runtime-status] [5229] Trigger \"saveImage\" has been found, beginning invocation!"}}
[info] i  functions: Beginning execution of "saveImage" {"metadata":{"emulator":{"name":"functions"},"function":{"name":"saveImage"},"message":"Beginning execution of \"saveImage\""}}
[debug] [2020-08-18T22:43:20.858Z] [runtime-status] [5229] triggerDefinition {"httpsTrigger":{},"name":"saveImage","entryPoint":"saveImage"} {"metadata":{"emulator":{"name":"functions"},"function":{"name":"saveImage"},"message":"[runtime-status] [5229] triggerDefinition {\"httpsTrigger\":{},\"name\":\"saveImage\",\"entryPoint\":\"saveImage\"}"}}
[debug] [2020-08-18T22:43:20.858Z] [runtime-status] [5229] Running saveImage in mode HTTPS {"metadata":{"emulator":{"name":"functions"},"function":{"name":"saveImage"},"message":"[runtime-status] [5229] Running saveImage in mode HTTPS"}}
[debug] [2020-08-18T22:43:20.858Z] [runtime-status] [5229] Attempting to listen to socketPath: /var/folders/vp/mclb60jn52d27cy2gqy20hxc0000gn/T/fire_emu_5229.sock {"metadata":{"emulator":{"name":"functions"},"function":{"name":"saveImage"},"message":"[runtime-status] [5229] Attempting to listen to socketPath: /var/folders/vp/mclb60jn52d27cy2gqy20hxc0000gn/T/fire_emu_5229.sock"}}
[debug] [2020-08-18T22:43:20.860Z] [functions] Runtime ready! Sending request! {"metadata":{"emulator":{"name":"functions"},"message":"[functions] Runtime ready! Sending request!"}}
[debug] [2020-08-18T22:43:20.863Z] [runtime-status] [5229] Ephemeral server handling PUT request {"metadata":{"emulator":{"name":"functions"},"function":{"name":"saveImage"},"message":"[runtime-status] [5229] Ephemeral server handling PUT request"}}
[debug] [2020-08-18T22:43:20.864Z] [runtime-status] [5229] Ephemeral server survived. {"metadata":{"emulator":{"name":"functions"},"function":{"name":"saveImage"},"message":"[runtime-status] [5229] Ephemeral server survived."}}
[warn] ⚠  Google API requested!
   - URL: "https://storage.googleapis.com/upload/storage/v1/b/activitybrainstorm.appspot.com/o?name=39b1aa21-82fb-4b7f-b20b-3d5e0ee71dc0.EBxlOow1fAOxjVyYCVVfCQHaE8%26pid%3DApi&uploadType=resumable"
   - Be careful, this may be a production service. {"metadata":{"emulator":{"name":"functions"},"function":{"name":"saveImage"},"message":"Google API requested!\n   - URL: \"https://storage.googleapis.com/upload/storage/v1/b/activitybrainstorm.appspot.com/o?name=39b1aa21-82fb-4b7f-b20b-3d5e0ee71dc0.EBxlOow1fAOxjVyYCVVfCQHaE8%26pid%3DApi&uploadType=resumable\"\n   - Be careful, this may be a production service."}}
[warn] ⚠  Google API requested!
   - URL: "https://storage.googleapis.com/upload/storage/v1/b/activitybrainstorm.appspot.com/o?name=39b1aa21-82fb-4b7f-b20b-3d5e0ee71dc0.EBxlOow1fAOxjVyYCVVfCQHaE8%26pid%3DApi&uploadType=resumable&upload_id=AAANsUkGBwGd8agCl6n9Ky_7IL4eT3CyKNW7wExvEHE9JFb8J0HtCiCrFTG2_v1DYjKARaM97BKdC6BXuq1WLdoElYC1n5ywSg"
   - Be careful, this may be a production service. {"metadata":{"emulator":{"name":"functions"},"function":{"name":"saveImage"},"message":"Google API requested!\n   - URL: \"https://storage.googleapis.com/upload/storage/v1/b/activitybrainstorm.appspot.com/o?name=39b1aa21-82fb-4b7f-b20b-3d5e0ee71dc0.EBxlOow1fAOxjVyYCVVfCQHaE8%26pid%3DApi&uploadType=resumable&upload_id=AAANsUkGBwGd8agCl6n9Ky_7IL4eT3CyKNW7wExvEHE9JFb8J0HtCiCrFTG2_v1DYjKARaM97BKdC6BXuq1WLdoElYC1n5ywSg\"\n   - Be careful, this may be a production service."}}
[warn] ⚠  Google API requested!
   - URL: "https://storage.googleapis.com/storage/v1/b/activitybrainstorm.appspot.com/o/39b1aa21-82fb-4b7f-b20b-3d5e0ee71dc0.EBxlOow1fAOxjVyYCVVfCQHaE8%26pid%3DApi/acl?"
   - Be careful, this may be a production service. {"metadata":{"emulator":{"name":"functions"},"function":{"name":"saveImage"},"message":"Google API requested!\n   - URL: \"https://storage.googleapis.com/storage/v1/b/activitybrainstorm.appspot.com/o/39b1aa21-82fb-4b7f-b20b-3d5e0ee71dc0.EBxlOow1fAOxjVyYCVVfCQHaE8%26pid%3DApi/acl?\"\n   - Be careful, this may be a production service."}}
[info] i  functions: Finished "saveImage" in ~2s {"metadata":{"emulator":{"name":"functions"},"function":{"name":"saveImage"},"message":"Finished \"saveImage\" in ~2s"}}
[debug] [2020-08-18T22:43:23.148Z] [worker-saveImage-3684dcfa-5d4f-4295-a757-e30d63e3915e]: IDLE {"metadata":{"emulator":{"name":"functions"},"message":"[worker-saveImage-3684dcfa-5d4f-4295-a757-e30d63e3915e]: IDLE"}}
[debug] [2020-08-18T22:43:23.149Z] [work-queue] {"queueLength":0,"workRunningCount":0}
[debug] [2020-08-18T22:51:05.728Z] [work-queue] {"queueLength":1,"workRunningCount":0}
[debug] [2020-08-18T22:51:05.728Z] [work-queue] {"queueLength":0,"workRunningCount":1}
[debug] [2020-08-18T22:51:05.729Z] Accepted request GET /activitybrainstorm/us-central1/imageSearch?search=Grand%20Canyon --> imageSearch
[debug] [2020-08-18T22:51:05.729Z] [worker-pool] submitWork(triggerId=imageSearch) {"metadata":{"emulator":{"name":"functions"},"message":"[worker-pool] submitWork(triggerId=imageSearch)"}}
[debug] [2020-08-18T22:51:05.729Z] [worker-imageSearch-b77bda4e-04f8-45fd-9d1f-9977f9ddf2b5]: Assigning socketPath: /var/folders/vp/mclb60jn52d27cy2gqy20hxc0000gn/T/fire_emu_5035.sock {"metadata":{"emulator":{"name":"functions"},"message":"[worker-imageSearch-b77bda4e-04f8-45fd-9d1f-9977f9ddf2b5]: Assigning socketPath: /var/folders/vp/mclb60jn52d27cy2gqy20hxc0000gn/T/fire_emu_5035.sock"}}
[debug] [2020-08-18T22:51:05.729Z] [worker-imageSearch-b77bda4e-04f8-45fd-9d1f-9977f9ddf2b5]: BUSY {"metadata":{"emulator":{"name":"functions"},"message":"[worker-imageSearch-b77bda4e-04f8-45fd-9d1f-9977f9ddf2b5]: BUSY"}}
[debug] [2020-08-18T22:51:05.730Z] [runtime-status] [5035] Trigger "imageSearch" has been found, beginning invocation! {"metadata":{"emulator":{"name":"functions"},"function":{"name":"imageSearch"},"message":"[runtime-status] [5035] Trigger \"imageSearch\" has been found, beginning invocation!"}}
[info] i  functions: Beginning execution of "imageSearch" {"metadata":{"emulator":{"name":"functions"},"function":{"name":"imageSearch"},"message":"Beginning execution of \"imageSearch\""}}
[debug] [2020-08-18T22:51:05.730Z] [runtime-status] [5035] triggerDefinition {"httpsTrigger":{},"name":"imageSearch","entryPoint":"imageSearch"} {"metadata":{"emulator":{"name":"functions"},"function":{"name":"imageSearch"},"message":"[runtime-status] [5035] triggerDefinition {\"httpsTrigger\":{},\"name\":\"imageSearch\",\"entryPoint\":\"imageSearch\"}"}}
[debug] [2020-08-18T22:51:05.731Z] [runtime-status] [5035] Running imageSearch in mode HTTPS {"metadata":{"emulator":{"name":"functions"},"function":{"name":"imageSearch"},"message":"[runtime-status] [5035] Running imageSearch in mode HTTPS"}}
[debug] [2020-08-18T22:51:05.731Z] [runtime-status] [5035] Attempting to listen to socketPath: /var/folders/vp/mclb60jn52d27cy2gqy20hxc0000gn/T/fire_emu_5035.sock {"metadata":{"emulator":{"name":"functions"},"function":{"name":"imageSearch"},"message":"[runtime-status] [5035] Attempting to listen to socketPath: /var/folders/vp/mclb60jn52d27cy2gqy20hxc0000gn/T/fire_emu_5035.sock"}}
[debug] [2020-08-18T22:51:05.732Z] [functions] Runtime ready! Sending request! {"metadata":{"emulator":{"name":"functions"},"message":"[functions] Runtime ready! Sending request!"}}
[debug] [2020-08-18T22:51:05.735Z] [runtime-status] [5035] Ephemeral server handling GET request {"metadata":{"emulator":{"name":"functions"},"function":{"name":"imageSearch"},"message":"[runtime-status] [5035] Ephemeral server handling GET request"}}
[debug] [2020-08-18T22:51:05.740Z] [runtime-status] [5035] Ephemeral server survived. {"metadata":{"emulator":{"name":"functions"},"function":{"name":"imageSearch"},"message":"[runtime-status] [5035] Ephemeral server survived."}}
[info] i  functions: Finished "imageSearch" in ~1s {"metadata":{"emulator":{"name":"functions"},"function":{"name":"imageSearch"},"message":"Finished \"imageSearch\" in ~1s"}}
[debug] [2020-08-18T22:51:07.017Z] [worker-imageSearch-b77bda4e-04f8-45fd-9d1f-9977f9ddf2b5]: IDLE {"metadata":{"emulator":{"name":"functions"},"message":"[worker-imageSearch-b77bda4e-04f8-45fd-9d1f-9977f9ddf2b5]: IDLE"}}
[debug] [2020-08-18T22:51:07.017Z] [work-queue] {"queueLength":0,"workRunningCount":0}
[debug] [2020-08-18T22:51:08.591Z] [work-queue] {"queueLength":1,"workRunningCount":0}
[debug] [2020-08-18T22:51:08.592Z] [work-queue] {"queueLength":0,"workRunningCount":1}
[debug] [2020-08-18T22:51:08.592Z] Accepted request OPTIONS /activitybrainstorm/us-central1/saveImage --> saveImage
[debug] [2020-08-18T22:51:08.592Z] [worker-pool] submitWork(triggerId=saveImage) {"metadata":{"emulator":{"name":"functions"},"message":"[worker-pool] submitWork(triggerId=saveImage)"}}
[debug] [2020-08-18T22:51:08.592Z] [worker-saveImage-3684dcfa-5d4f-4295-a757-e30d63e3915e]: Assigning socketPath: /var/folders/vp/mclb60jn52d27cy2gqy20hxc0000gn/T/fire_emu_5229.sock {"metadata":{"emulator":{"name":"functions"},"message":"[worker-saveImage-3684dcfa-5d4f-4295-a757-e30d63e3915e]: Assigning socketPath: /var/folders/vp/mclb60jn52d27cy2gqy20hxc0000gn/T/fire_emu_5229.sock"}}
[debug] [2020-08-18T22:51:08.592Z] [worker-saveImage-3684dcfa-5d4f-4295-a757-e30d63e3915e]: BUSY {"metadata":{"emulator":{"name":"functions"},"message":"[worker-saveImage-3684dcfa-5d4f-4295-a757-e30d63e3915e]: BUSY"}}
[debug] [2020-08-18T22:51:08.593Z] [runtime-status] [5229] Trigger "saveImage" has been found, beginning invocation! {"metadata":{"emulator":{"name":"functions"},"function":{"name":"saveImage"},"message":"[runtime-status] [5229] Trigger \"saveImage\" has been found, beginning invocation!"}}
[info] i  functions: Beginning execution of "saveImage" {"metadata":{"emulator":{"name":"functions"},"function":{"name":"saveImage"},"message":"Beginning execution of \"saveImage\""}}
[debug] [2020-08-18T22:51:08.593Z] [runtime-status] [5229] triggerDefinition {"httpsTrigger":{},"name":"saveImage","entryPoint":"saveImage"} {"metadata":{"emulator":{"name":"functions"},"function":{"name":"saveImage"},"message":"[runtime-status] [5229] triggerDefinition {\"httpsTrigger\":{},\"name\":\"saveImage\",\"entryPoint\":\"saveImage\"}"}}
[debug] [2020-08-18T22:51:08.593Z] [runtime-status] [5229] Running saveImage in mode HTTPS {"metadata":{"emulator":{"name":"functions"},"function":{"name":"saveImage"},"message":"[runtime-status] [5229] Running saveImage in mode HTTPS"}}
[debug] [2020-08-18T22:51:08.594Z] [runtime-status] [5229] Attempting to listen to socketPath: /var/folders/vp/mclb60jn52d27cy2gqy20hxc0000gn/T/fire_emu_5229.sock {"metadata":{"emulator":{"name":"functions"},"function":{"name":"saveImage"},"message":"[runtime-status] [5229] Attempting to listen to socketPath: /var/folders/vp/mclb60jn52d27cy2gqy20hxc0000gn/T/fire_emu_5229.sock"}}
[debug] [2020-08-18T22:51:08.597Z] [functions] Runtime ready! Sending request! {"metadata":{"emulator":{"name":"functions"},"message":"[functions] Runtime ready! Sending request!"}}
[debug] [2020-08-18T22:51:08.600Z] [runtime-status] [5229] Ephemeral server handling OPTIONS request {"metadata":{"emulator":{"name":"functions"},"function":{"name":"saveImage"},"message":"[runtime-status] [5229] Ephemeral server handling OPTIONS request"}}
[debug] [2020-08-18T22:51:08.602Z] [runtime-status] [5229] Ephemeral server survived. {"metadata":{"emulator":{"name":"functions"},"function":{"name":"saveImage"},"message":"[runtime-status] [5229] Ephemeral server survived."}}
[info] i  functions: Finished "saveImage" in ~1s {"metadata":{"emulator":{"name":"functions"},"function":{"name":"saveImage"},"message":"Finished \"saveImage\" in ~1s"}}
[debug] [2020-08-18T22:51:08.603Z] [worker-saveImage-3684dcfa-5d4f-4295-a757-e30d63e3915e]: IDLE {"metadata":{"emulator":{"name":"functions"},"message":"[worker-saveImage-3684dcfa-5d4f-4295-a757-e30d63e3915e]: IDLE"}}
[debug] [2020-08-18T22:51:08.604Z] [work-queue] {"queueLength":0,"workRunningCount":0}
[debug] [2020-08-18T22:51:08.607Z] [work-queue] {"queueLength":1,"workRunningCount":0}
[debug] [2020-08-18T22:51:08.607Z] [work-queue] {"queueLength":0,"workRunningCount":1}
[debug] [2020-08-18T22:51:08.608Z] Accepted request PUT /activitybrainstorm/us-central1/saveImage --> saveImage
[debug] [2020-08-18T22:51:08.608Z] [worker-pool] submitWork(triggerId=saveImage) {"metadata":{"emulator":{"name":"functions"},"message":"[worker-pool] submitWork(triggerId=saveImage)"}}
[debug] [2020-08-18T22:51:08.608Z] [worker-saveImage-3684dcfa-5d4f-4295-a757-e30d63e3915e]: Assigning socketPath: /var/folders/vp/mclb60jn52d27cy2gqy20hxc0000gn/T/fire_emu_5229.sock {"metadata":{"emulator":{"name":"functions"},"message":"[worker-saveImage-3684dcfa-5d4f-4295-a757-e30d63e3915e]: Assigning socketPath: /var/folders/vp/mclb60jn52d27cy2gqy20hxc0000gn/T/fire_emu_5229.sock"}}
[debug] [2020-08-18T22:51:08.608Z] [worker-saveImage-3684dcfa-5d4f-4295-a757-e30d63e3915e]: BUSY {"metadata":{"emulator":{"name":"functions"},"message":"[worker-saveImage-3684dcfa-5d4f-4295-a757-e30d63e3915e]: BUSY"}}
[debug] [2020-08-18T22:51:08.613Z] [runtime-status] [5229] Trigger "saveImage" has been found, beginning invocation! {"metadata":{"emulator":{"name":"functions"},"function":{"name":"saveImage"},"message":"[runtime-status] [5229] Trigger \"saveImage\" has been found, beginning invocation!"}}
[info] i  functions: Beginning execution of "saveImage" {"metadata":{"emulator":{"name":"functions"},"function":{"name":"saveImage"},"message":"Beginning execution of \"saveImage\""}}
[debug] [2020-08-18T22:51:08.614Z] [runtime-status] [5229] triggerDefinition {"httpsTrigger":{},"name":"saveImage","entryPoint":"saveImage"} {"metadata":{"emulator":{"name":"functions"},"function":{"name":"saveImage"},"message":"[runtime-status] [5229] triggerDefinition {\"httpsTrigger\":{},\"name\":\"saveImage\",\"entryPoint\":\"saveImage\"}"}}
[debug] [2020-08-18T22:51:08.614Z] [runtime-status] [5229] Running saveImage in mode HTTPS {"metadata":{"emulator":{"name":"functions"},"function":{"name":"saveImage"},"message":"[runtime-status] [5229] Running saveImage in mode HTTPS"}}
[debug] [2020-08-18T22:51:08.614Z] [runtime-status] [5229] Attempting to listen to socketPath: /var/folders/vp/mclb60jn52d27cy2gqy20hxc0000gn/T/fire_emu_5229.sock {"metadata":{"emulator":{"name":"functions"},"function":{"name":"saveImage"},"message":"[runtime-status] [5229] Attempting to listen to socketPath: /var/folders/vp/mclb60jn52d27cy2gqy20hxc0000gn/T/fire_emu_5229.sock"}}
[debug] [2020-08-18T22:51:08.615Z] [functions] Runtime ready! Sending request! {"metadata":{"emulator":{"name":"functions"},"message":"[functions] Runtime ready! Sending request!"}}
[debug] [2020-08-18T22:51:08.618Z] [runtime-status] [5229] Ephemeral server handling PUT request {"metadata":{"emulator":{"name":"functions"},"function":{"name":"saveImage"},"message":"[runtime-status] [5229] Ephemeral server handling PUT request"}}
[debug] [2020-08-18T22:51:08.619Z] [runtime-status] [5229] Ephemeral server survived. {"metadata":{"emulator":{"name":"functions"},"function":{"name":"saveImage"},"message":"[runtime-status] [5229] Ephemeral server survived."}}
[warn] ⚠  Google API requested!
   - URL: "https://storage.googleapis.com/upload/storage/v1/b/activitybrainstorm.appspot.com/o?name=813bc54a-2a49-454d-bdda-21a0a5d01658.jpg&uploadType=resumable"
   - Be careful, this may be a production service. {"metadata":{"emulator":{"name":"functions"},"function":{"name":"saveImage"},"message":"Google API requested!\n   - URL: \"https://storage.googleapis.com/upload/storage/v1/b/activitybrainstorm.appspot.com/o?name=813bc54a-2a49-454d-bdda-21a0a5d01658.jpg&uploadType=resumable\"\n   - Be careful, this may be a production service."}}
[warn] ⚠  Google API requested!
   - URL: "https://storage.googleapis.com/upload/storage/v1/b/activitybrainstorm.appspot.com/o?name=813bc54a-2a49-454d-bdda-21a0a5d01658.jpg&uploadType=resumable&upload_id=AAANsUkAVs6gJrg8bj4PYrLW4exI1fd2h3y58be3KLGafZwJQ2Iyrjs8rJKvvIhrcq5xoROfy0ZNvxYQ0hS8OJ2SRhv1QeP9zA"
   - Be careful, this may be a production service. {"metadata":{"emulator":{"name":"functions"},"function":{"name":"saveImage"},"message":"Google API requested!\n   - URL: \"https://storage.googleapis.com/upload/storage/v1/b/activitybrainstorm.appspot.com/o?name=813bc54a-2a49-454d-bdda-21a0a5d01658.jpg&uploadType=resumable&upload_id=AAANsUkAVs6gJrg8bj4PYrLW4exI1fd2h3y58be3KLGafZwJQ2Iyrjs8rJKvvIhrcq5xoROfy0ZNvxYQ0hS8OJ2SRhv1QeP9zA\"\n   - Be careful, this may be a production service."}}
[warn] ⚠  Google API requested!
   - URL: "https://storage.googleapis.com/storage/v1/b/activitybrainstorm.appspot.com/o/813bc54a-2a49-454d-bdda-21a0a5d01658.jpg/acl?"
   - Be careful, this may be a production service. {"metadata":{"emulator":{"name":"functions"},"function":{"name":"saveImage"},"message":"Google API requested!\n   - URL: \"https://storage.googleapis.com/storage/v1/b/activitybrainstorm.appspot.com/o/813bc54a-2a49-454d-bdda-21a0a5d01658.jpg/acl?\"\n   - Be careful, this may be a production service."}}
[info] i  functions: Finished "saveImage" in ~3s {"metadata":{"emulator":{"name":"functions"},"function":{"name":"saveImage"},"message":"Finished \"saveImage\" in ~3s"}}
[debug] [2020-08-18T22:51:11.742Z] [worker-saveImage-3684dcfa-5d4f-4295-a757-e30d63e3915e]: IDLE {"metadata":{"emulator":{"name":"functions"},"message":"[worker-saveImage-3684dcfa-5d4f-4295-a757-e30d63e3915e]: IDLE"}}
[debug] [2020-08-18T22:51:11.742Z] [work-queue] {"queueLength":0,"workRunningCount":0}
[debug] [2020-08-18T22:51:11.750Z] [work-queue] {"queueLength":1,"workRunningCount":0}
[debug] [2020-08-18T22:51:11.750Z] [work-queue] {"queueLength":0,"workRunningCount":1}
[debug] [2020-08-18T22:51:11.751Z] Accepted request PUT /activitybrainstorm/us-central1/saveImage --> saveImage
[debug] [2020-08-18T22:51:11.751Z] [worker-pool] submitWork(triggerId=saveImage) {"metadata":{"emulator":{"name":"functions"},"message":"[worker-pool] submitWork(triggerId=saveImage)"}}
[debug] [2020-08-18T22:51:11.751Z] [worker-saveImage-3684dcfa-5d4f-4295-a757-e30d63e3915e]: Assigning socketPath: /var/folders/vp/mclb60jn52d27cy2gqy20hxc0000gn/T/fire_emu_5229.sock {"metadata":{"emulator":{"name":"functions"},"message":"[worker-saveImage-3684dcfa-5d4f-4295-a757-e30d63e3915e]: Assigning socketPath: /var/folders/vp/mclb60jn52d27cy2gqy20hxc0000gn/T/fire_emu_5229.sock"}}
[debug] [2020-08-18T22:51:11.751Z] [worker-saveImage-3684dcfa-5d4f-4295-a757-e30d63e3915e]: BUSY {"metadata":{"emulator":{"name":"functions"},"message":"[worker-saveImage-3684dcfa-5d4f-4295-a757-e30d63e3915e]: BUSY"}}
[debug] [2020-08-18T22:51:11.751Z] [runtime-status] [5229] Trigger "saveImage" has been found, beginning invocation! {"metadata":{"emulator":{"name":"functions"},"function":{"name":"saveImage"},"message":"[runtime-status] [5229] Trigger \"saveImage\" has been found, beginning invocation!"}}
[info] i  functions: Beginning execution of "saveImage" {"metadata":{"emulator":{"name":"functions"},"function":{"name":"saveImage"},"message":"Beginning execution of \"saveImage\""}}
[debug] [2020-08-18T22:51:11.752Z] [runtime-status] [5229] triggerDefinition {"httpsTrigger":{},"name":"saveImage","entryPoint":"saveImage"} {"metadata":{"emulator":{"name":"functions"},"function":{"name":"saveImage"},"message":"[runtime-status] [5229] triggerDefinition {\"httpsTrigger\":{},\"name\":\"saveImage\",\"entryPoint\":\"saveImage\"}"}}
[debug] [2020-08-18T22:51:11.752Z] [runtime-status] [5229] Running saveImage in mode HTTPS {"metadata":{"emulator":{"name":"functions"},"function":{"name":"saveImage"},"message":"[runtime-status] [5229] Running saveImage in mode HTTPS"}}
[debug] [2020-08-18T22:51:11.752Z] [runtime-status] [5229] Attempting to listen to socketPath: /var/folders/vp/mclb60jn52d27cy2gqy20hxc0000gn/T/fire_emu_5229.sock {"metadata":{"emulator":{"name":"functions"},"function":{"name":"saveImage"},"message":"[runtime-status] [5229] Attempting to listen to socketPath: /var/folders/vp/mclb60jn52d27cy2gqy20hxc0000gn/T/fire_emu_5229.sock"}}
[debug] [2020-08-18T22:51:11.753Z] [functions] Runtime ready! Sending request! {"metadata":{"emulator":{"name":"functions"},"message":"[functions] Runtime ready! Sending request!"}}
[debug] [2020-08-18T22:51:11.756Z] [runtime-status] [5229] Ephemeral server handling PUT request {"metadata":{"emulator":{"name":"functions"},"function":{"name":"saveImage"},"message":"[runtime-status] [5229] Ephemeral server handling PUT request"}}
[debug] [2020-08-18T22:51:11.757Z] [runtime-status] [5229] Ephemeral server survived. {"metadata":{"emulator":{"name":"functions"},"function":{"name":"saveImage"},"message":"[runtime-status] [5229] Ephemeral server survived."}}
[warn] ⚠  Google API requested!
   - URL: "https://storage.googleapis.com/upload/storage/v1/b/activitybrainstorm.appspot.com/o?name=76c9f5d0-8737-4fd1-9334-9dacfa12651e.zZPjzu3buZu-PmEJ_-gz5QHaE8%26pid%3DApi&uploadType=resumable"
   - Be careful, this may be a production service. {"metadata":{"emulator":{"name":"functions"},"function":{"name":"saveImage"},"message":"Google API requested!\n   - URL: \"https://storage.googleapis.com/upload/storage/v1/b/activitybrainstorm.appspot.com/o?name=76c9f5d0-8737-4fd1-9334-9dacfa12651e.zZPjzu3buZu-PmEJ_-gz5QHaE8%26pid%3DApi&uploadType=resumable\"\n   - Be careful, this may be a production service."}}
[warn] ⚠  Google API requested!
   - URL: "https://storage.googleapis.com/upload/storage/v1/b/activitybrainstorm.appspot.com/o?name=76c9f5d0-8737-4fd1-9334-9dacfa12651e.zZPjzu3buZu-PmEJ_-gz5QHaE8%26pid%3DApi&uploadType=resumable&upload_id=AAANsUnrAJ0Tl6DdfSnLB8qIduUqwt4sZRKP9Rs9gNhQicBhcivVIarD0Vx38RBu1qJmB06hGMYhYGBuRswjAaTztj32bPOQTA"
   - Be careful, this may be a production service. {"metadata":{"emulator":{"name":"functions"},"function":{"name":"saveImage"},"message":"Google API requested!\n   - URL: \"https://storage.googleapis.com/upload/storage/v1/b/activitybrainstorm.appspot.com/o?name=76c9f5d0-8737-4fd1-9334-9dacfa12651e.zZPjzu3buZu-PmEJ_-gz5QHaE8%26pid%3DApi&uploadType=resumable&upload_id=AAANsUnrAJ0Tl6DdfSnLB8qIduUqwt4sZRKP9Rs9gNhQicBhcivVIarD0Vx38RBu1qJmB06hGMYhYGBuRswjAaTztj32bPOQTA\"\n   - Be careful, this may be a production service."}}
[warn] ⚠  Google API requested!
   - URL: "https://storage.googleapis.com/storage/v1/b/activitybrainstorm.appspot.com/o/76c9f5d0-8737-4fd1-9334-9dacfa12651e.zZPjzu3buZu-PmEJ_-gz5QHaE8%26pid%3DApi/acl?"
   - Be careful, this may be a production service. {"metadata":{"emulator":{"name":"functions"},"function":{"name":"saveImage"},"message":"Google API requested!\n   - URL: \"https://storage.googleapis.com/storage/v1/b/activitybrainstorm.appspot.com/o/76c9f5d0-8737-4fd1-9334-9dacfa12651e.zZPjzu3buZu-PmEJ_-gz5QHaE8%26pid%3DApi/acl?\"\n   - Be careful, this may be a production service."}}
[info] i  functions: Finished "saveImage" in ~1s {"metadata":{"emulator":{"name":"functions"},"function":{"name":"saveImage"},"message":"Finished \"saveImage\" in ~1s"}}
[debug] [2020-08-18T22:51:13.718Z] [worker-saveImage-3684dcfa-5d4f-4295-a757-e30d63e3915e]: IDLE {"metadata":{"emulator":{"name":"functions"},"message":"[worker-saveImage-3684dcfa-5d4f-4295-a757-e30d63e3915e]: IDLE"}}
[debug] [2020-08-18T22:51:13.718Z] [work-queue] {"queueLength":0,"workRunningCount":0}
